Using pre-set license
Built from '2020.2/staging' branch; Version is '2020.2.3f1 (8ff31bc5bf5b) revision 9433883'; Using compiler version '192528614'; Build Type 'Release'
OS: 'Windows 10 Home; OS build 19041.1052; Version 2004; 64bit' Language: 'en' Physical Memory: 32704 MB
BatchMode: 1, IsHumanControllingUs: 0, StartBugReporterOnCrash: 0, Is64bit: 1, IsPro: 0

 COMMAND LINE ARGUMENTS:
C:\Program Files\Unity\Hub\Editor\2020.2.3f1\Editor\Unity.exe
-adb2
-batchMode
-noUpm
-name
AssetImportWorker0
-projectPath
C:/Users/Rhys/Documents/GitHub/AI-Pathfinding-Assessment/AI pathfinding
-logFile
Logs/AssetImportWorker0.log
-srvPort
62359
Successfully changed project path to: C:/Users/Rhys/Documents/GitHub/AI-Pathfinding-Assessment/AI pathfinding
C:/Users/Rhys/Documents/GitHub/AI-Pathfinding-Assessment/AI pathfinding
Using Asset Import Pipeline V2.
Refreshing native plugins compatible for Editor in 15.42 ms, found 0 plugins.
Preloading 0 native plugins for Editor in 0.00 ms.
Initialize engine version: 2020.2.3f1 (8ff31bc5bf5b)
[Subsystems] Discovering subsystems at path C:/Program Files/Unity/Hub/Editor/2020.2.3f1/Editor/Data/Resources/UnitySubsystems
[Subsystems] Discovering subsystems at path C:/Users/Rhys/Documents/GitHub/AI-Pathfinding-Assessment/AI pathfinding/Assets
GfxDevice: creating device client; threaded=0
Direct3D:
    Version:  Direct3D 11.0 [level 11.1]
    Renderer: NVIDIA GeForce GTX 1070 (ID=0x1b81)
    Vendor:   
    VRAM:     8088 MB
    Driver:   27.21.14.5671
Initialize mono
Mono path[0] = 'C:/Program Files/Unity/Hub/Editor/2020.2.3f1/Editor/Data/Managed'
Mono path[1] = 'C:/Program Files/Unity/Hub/Editor/2020.2.3f1/Editor/Data/MonoBleedingEdge/lib/mono/unityjit'
Mono config path = 'C:/Program Files/Unity/Hub/Editor/2020.2.3f1/Editor/Data/MonoBleedingEdge/etc'
Using monoOptions --debugger-agent=transport=dt_socket,embedding=1,server=y,suspend=n,address=127.0.0.1:56972
Begin MonoManager ReloadAssembly
Registering precompiled unity dll's ...
Register platform support module: C:/Program Files/Unity/Hub/Editor/2020.2.3f1/Editor/Data/PlaybackEngines/WindowsStandaloneSupport/UnityEditor.WindowsStandalone.Extensions.dll
Registered in 0.002253 seconds.
Native extension for WindowsStandalone target not found
Refreshing native plugins compatible for Editor in 15.52 ms, found 0 plugins.
Preloading 0 native plugins for Editor in 0.00 ms.
Invoked RoslynAnalysisRunner static constructor.
RoslynAnalysisRunner will not be running.
RoslynAnalysisRunner has terminated.
Mono: successfully reloaded assembly
- Completed reload, in  0.932 seconds
Platform modules already initialized, skipping
Registering precompiled user dll's ...
Registered in 0.000739 seconds.
Begin MonoManager ReloadAssembly
Native extension for WindowsStandalone target not found
Refreshing native plugins compatible for Editor in 0.21 ms, found 0 plugins.
Preloading 0 native plugins for Editor in 0.00 ms.
Invoked RoslynAnalysisRunner static constructor.
RoslynAnalysisRunner will not be running.
RoslynAnalysisRunner has terminated.
Mono: successfully reloaded assembly
- Completed reload, in  0.832 seconds
Platform modules already initialized, skipping
========================================================================
Worker process is ready to serve import requests
Launched and connected shader compiler UnityShaderCompiler.exe after 0.04 seconds
Refreshing native plugins compatible for Editor in 0.18 ms, found 0 plugins.
Preloading 0 native plugins for Editor in 0.00 ms.
Unloading 551 Unused Serialized files (Serialized files now loaded: 0)
System memory in use before: 39.2 MB.
System memory in use after: 39.3 MB.

Unloading 9 unused Assets to reduce memory usage. Loaded Objects now: 993.
Total: 1.339600 ms (FindLiveObjects: 0.142700 ms CreateObjectMapping: 0.031100 ms MarkObjects: 1.108200 ms  DeleteObjects: 0.056300 ms)

========================================================================
Received Import Request.
  path: Assets/Scanta/RagingEgg
  artifactKey: Guid(da77742e7a0263e4ab9bc12807e047bf) Importer(815301076,1909f56bfc062723c751e8b465ee728b)
Start importing Assets/Scanta/RagingEgg using Guid(da77742e7a0263e4ab9bc12807e047bf) Importer(815301076,1909f56bfc062723c751e8b465ee728b)  -> (artifact id: '19f29f27218d5b3e574449c401e4a233') in 0.016861 seconds
  Import took 0.019044 seconds .

========================================================================
Received Import Request.
  Time since last request: 0.000346 seconds.
  path: Assets/Scanta/RagingEgg/AnimatorController
  artifactKey: Guid(4d18f056812a2461ba0e4892dccecc52) Importer(815301076,1909f56bfc062723c751e8b465ee728b)
Start importing Assets/Scanta/RagingEgg/AnimatorController using Guid(4d18f056812a2461ba0e4892dccecc52) Importer(815301076,1909f56bfc062723c751e8b465ee728b)  -> (artifact id: 'ad776a1410e6091f84591577be8ebaaa') in 0.002763 seconds
  Import took 0.005222 seconds .

========================================================================
Received Import Request.
  Time since last request: 0.000363 seconds.
  path: Assets/Scanta
  artifactKey: Guid(b54cbb34dfd352c4f99eebdbb3fcdf84) Importer(815301076,1909f56bfc062723c751e8b465ee728b)
Start importing Assets/Scanta using Guid(b54cbb34dfd352c4f99eebdbb3fcdf84) Importer(815301076,1909f56bfc062723c751e8b465ee728b)  -> (artifact id: '74de8dcdb7722d4eec52d7bef65af9a9') in 0.002932 seconds
  Import took 0.005267 seconds .

========================================================================
Received Import Request.
  Time since last request: 6.629298 seconds.
  path: Assets/Scanta/RagingEgg/AnimatorController/Idle.controller
  artifactKey: Guid(20703f5e8000244b28f329bee7bd73ee) Importer(815301076,1909f56bfc062723c751e8b465ee728b)
Start importing Assets/Scanta/RagingEgg/AnimatorController/Idle.controller using Guid(20703f5e8000244b28f329bee7bd73ee) Importer(815301076,1909f56bfc062723c751e8b465ee728b)  -> (artifact id: '7cb581fc33d697f6fd246ccbd2cba8b8') in 0.042885 seconds
  Import took 0.045316 seconds .

========================================================================
Received Import Request.
  Time since last request: 6.733966 seconds.
  path: Assets/FantasyMonster
  artifactKey: Guid(55bd00a14bc3e45498d38dbad6f91f8a) Importer(815301076,1909f56bfc062723c751e8b465ee728b)
Start importing Assets/FantasyMonster using Guid(55bd00a14bc3e45498d38dbad6f91f8a) Importer(815301076,1909f56bfc062723c751e8b465ee728b)  -> (artifact id: 'd6129424facce8598f87d8dc547154de') in 0.004209 seconds
  Import took 0.006612 seconds .

========================================================================
Received Import Request.
  Time since last request: 5.556424 seconds.
  path: Assets/Gizmos
  artifactKey: Guid(93b9715f5a4bf471c8154f6cbab7e94d) Importer(815301076,1909f56bfc062723c751e8b465ee728b)
Start importing Assets/Gizmos using Guid(93b9715f5a4bf471c8154f6cbab7e94d) Importer(815301076,1909f56bfc062723c751e8b465ee728b)  -> (artifact id: 'd492a78dd693b75d5ea3ce3e634e727e') in 0.004444 seconds
  Import took 0.006759 seconds .

========================================================================
Received Import Request.
  Time since last request: 2.609822 seconds.
  path: Assets/Examples
  artifactKey: Guid(4ea32815e218f46fba31f151ba6ec33b) Importer(815301076,1909f56bfc062723c751e8b465ee728b)
Start importing Assets/Examples using Guid(4ea32815e218f46fba31f151ba6ec33b) Importer(815301076,1909f56bfc062723c751e8b465ee728b)  -> (artifact id: '6fc6e3ef41c74de87cb797102fb4d1df') in 0.003613 seconds
  Import took 0.005636 seconds .

========================================================================
Received Import Request.
  Time since last request: 7.473110 seconds.
  path: Assets/Tests
  artifactKey: Guid(a4ffdd6288cb842a8ac2b31823ceaab0) Importer(815301076,1909f56bfc062723c751e8b465ee728b)
Start importing Assets/Tests using Guid(a4ffdd6288cb842a8ac2b31823ceaab0) Importer(815301076,1909f56bfc062723c751e8b465ee728b)  -> (artifact id: 'a7e854202b1bc569978fdccf7d655a67') in 0.005034 seconds
  Import took 0.007737 seconds .

========================================================================
Received Import Request.
  Time since last request: 7.106291 seconds.
  path: Assets/Scanta/RagingEgg/Model/Attack.fbx
  artifactKey: Guid(e3abf8f1a07924706bd4a7bf9be95a72) Importer(815301076,1909f56bfc062723c751e8b465ee728b)
Start importing Assets/Scanta/RagingEgg/Model/Attack.fbx using Guid(e3abf8f1a07924706bd4a7bf9be95a72) Importer(815301076,1909f56bfc062723c751e8b465ee728b)  -> (artifact id: '49d346eec352c7e21e91ed9eca3cde20') in 0.173340 seconds
  Import took 0.175623 seconds .

========================================================================
Received Import Request.
  Time since last request: 0.000339 seconds.
  path: Assets/Scanta/RagingEgg/Model/Excited.fbx
  artifactKey: Guid(d2a3ded3c67164c7597c901b4dfe7c90) Importer(815301076,1909f56bfc062723c751e8b465ee728b)
Start importing Assets/Scanta/RagingEgg/Model/Excited.fbx using Guid(d2a3ded3c67164c7597c901b4dfe7c90) Importer(815301076,1909f56bfc062723c751e8b465ee728b)  -> (artifact id: '980a0f9b1ab6dcbb1d895eae70777a12') in 0.044314 seconds
  Import took 0.046672 seconds .

========================================================================
Received Import Request.
  Time since last request: 0.000319 seconds.
  path: Assets/Scanta/RagingEgg/Model/Idle.fbx
  artifactKey: Guid(4684e2ab9cbbd4b3c9dfa7f3b60d2ee7) Importer(815301076,1909f56bfc062723c751e8b465ee728b)
Start importing Assets/Scanta/RagingEgg/Model/Idle.fbx using Guid(4684e2ab9cbbd4b3c9dfa7f3b60d2ee7) Importer(815301076,1909f56bfc062723c751e8b465ee728b)  -> (artifact id: '624c5b3a0297eea3b098e7a252746293') in 0.039219 seconds
  Import took 0.041465 seconds .

========================================================================
Received Import Request.
  Time since last request: 0.000314 seconds.
  path: Assets/Scanta/RagingEgg/Model/Victory.fbx
  artifactKey: Guid(bc6d430badb8d4e5cbc84684b277f0d4) Importer(815301076,1909f56bfc062723c751e8b465ee728b)
Start importing Assets/Scanta/RagingEgg/Model/Victory.fbx using Guid(bc6d430badb8d4e5cbc84684b277f0d4) Importer(815301076,1909f56bfc062723c751e8b465ee728b)  -> (artifact id: 'dd2fc5d13cc22abac4101e93dd7b04d2') in 0.035762 seconds
  Import took 0.038140 seconds .

========================================================================
Received Import Request.
  Time since last request: 0.000310 seconds.
  path: Assets/Scanta/RagingEgg/Model/Death.fbx
  artifactKey: Guid(27aa91d9cd1e84b5587aead9a19e3363) Importer(815301076,1909f56bfc062723c751e8b465ee728b)
Start importing Assets/Scanta/RagingEgg/Model/Death.fbx using Guid(27aa91d9cd1e84b5587aead9a19e3363) Importer(815301076,1909f56bfc062723c751e8b465ee728b)  -> (artifact id: '3bec206144c03d13684dc32e08b622e1') in 0.026487 seconds
  Import took 0.028607 seconds .

========================================================================
Received Import Request.
  Time since last request: 0.000363 seconds.
  path: Assets/Scanta/RagingEgg/Model/Walking.fbx
  artifactKey: Guid(2460e41473fbd44aeb25d39afcf36e13) Importer(815301076,1909f56bfc062723c751e8b465ee728b)
Start importing Assets/Scanta/RagingEgg/Model/Walking.fbx using Guid(2460e41473fbd44aeb25d39afcf36e13) Importer(815301076,1909f56bfc062723c751e8b465ee728b)  -> (artifact id: 'b379a6ac3edb6ea78345055817075b6c') in 0.027349 seconds
  Import took 0.029537 seconds .

========================================================================
Received Import Request.
  Time since last request: 0.000316 seconds.
  path: Assets/Scanta/RagingEgg/Model/Running.fbx
  artifactKey: Guid(5615298a2a3ef441aa24bea37f3f4f67) Importer(815301076,1909f56bfc062723c751e8b465ee728b)
Start importing Assets/Scanta/RagingEgg/Model/Running.fbx using Guid(5615298a2a3ef441aa24bea37f3f4f67) Importer(815301076,1909f56bfc062723c751e8b465ee728b)  -> (artifact id: 'a5328b96219e980e322c8189c84cc4b8') in 0.026857 seconds
  Import took 0.029139 seconds .

========================================================================
Received Import Request.
  Time since last request: 0.000335 seconds.
  path: Assets/Scanta/RagingEgg/Model/Rotating.fbx
  artifactKey: Guid(9f1f43aeb5f704cb0840345e81f492a2) Importer(815301076,1909f56bfc062723c751e8b465ee728b)
Start importing Assets/Scanta/RagingEgg/Model/Rotating.fbx using Guid(9f1f43aeb5f704cb0840345e81f492a2) Importer(815301076,1909f56bfc062723c751e8b465ee728b)  -> (artifact id: 'af322b82488f13820155ebb9ef117b86') in 0.037682 seconds
  Import took 0.039988 seconds .

========================================================================
Received Import Request.
  Time since last request: 0.000327 seconds.
  path: Assets/Scanta/RagingEgg/Model/Jump.fbx
  artifactKey: Guid(b1cbf67a6faba410099c08e80cc9041f) Importer(815301076,1909f56bfc062723c751e8b465ee728b)
Start importing Assets/Scanta/RagingEgg/Model/Jump.fbx using Guid(b1cbf67a6faba410099c08e80cc9041f) Importer(815301076,1909f56bfc062723c751e8b465ee728b)  -> (artifact id: '85322a0616645648bcac4fe35c32baa2') in 0.027011 seconds
  Import took 0.029215 seconds .

========================================================================
Received Import Request.
  Time since last request: 0.000318 seconds.
  path: Assets/Scanta/RagingEgg/Model/Dancing.fbx
  artifactKey: Guid(7564ef0c590994e7eb95b47eb569dd2d) Importer(815301076,1909f56bfc062723c751e8b465ee728b)
Start importing Assets/Scanta/RagingEgg/Model/Dancing.fbx using Guid(7564ef0c590994e7eb95b47eb569dd2d) Importer(815301076,1909f56bfc062723c751e8b465ee728b)  -> (artifact id: 'bf2dd5546ca97dd45e421ce9561c4796') in 0.037736 seconds
  Import took 0.040058 seconds .

========================================================================
Received Import Request.
  Time since last request: 1.343953 seconds.
  path: Assets/Scanta/RagingEgg/Materials/RagingEgg_Albedo.mat
  artifactKey: Guid(35ecc93d344e248be9302d17db1e0181) Importer(815301076,1909f56bfc062723c751e8b465ee728b)
Start importing Assets/Scanta/RagingEgg/Materials/RagingEgg_Albedo.mat using Guid(35ecc93d344e248be9302d17db1e0181) Importer(815301076,1909f56bfc062723c751e8b465ee728b)  -> (artifact id: '34eed7e98177368e67d063caadf37ad9') in 0.202699 seconds
  Import took 0.204863 seconds .

========================================================================
Received Import Request.
  Time since last request: 6.410892 seconds.
  path: Assets/FantasyMonster/Skeleton/Character
  artifactKey: Guid(76b5e05083822214cad657292b786cfd) Importer(815301076,1909f56bfc062723c751e8b465ee728b)
Start importing Assets/FantasyMonster/Skeleton/Character using Guid(76b5e05083822214cad657292b786cfd) Importer(815301076,1909f56bfc062723c751e8b465ee728b)  -> (artifact id: 'a2621f1f8861a771b993b9fb2c47f9c0') in 0.002524 seconds
  Import took 0.005679 seconds .

========================================================================
Received Import Request.
  Time since last request: 0.060938 seconds.
  path: Assets/FantasyMonster/Skeleton/Character/Skeleton@Skin.FBX
  artifactKey: Guid(5a35c5f0a89b9654d897ccd7c8f81bd0) Importer(815301076,1909f56bfc062723c751e8b465ee728b)
Start importing Assets/FantasyMonster/Skeleton/Character/Skeleton@Skin.FBX using Guid(5a35c5f0a89b9654d897ccd7c8f81bd0) Importer(815301076,1909f56bfc062723c751e8b465ee728b)  -> (artifact id: '5a54297c01534d3d0efc0c16ee41a7c7') in 0.094256 seconds
  Import took 0.096794 seconds .

========================================================================
Received Import Request.
  Time since last request: 43.719071 seconds.
  path: Assets/AllStarCharacterLibrary/Models
  artifactKey: Guid(d75d2158046749344ada01de9d22d32b) Importer(815301076,1909f56bfc062723c751e8b465ee728b)
Start importing Assets/AllStarCharacterLibrary/Models using Guid(d75d2158046749344ada01de9d22d32b) Importer(815301076,1909f56bfc062723c751e8b465ee728b)  -> (artifact id: '5018ccc11219b753a1f3f8070aab8a36') in 0.005072 seconds
  Import took 0.007400 seconds .

========================================================================
Received Import Request.
  Time since last request: 1.357725 seconds.
  path: Assets/AllStarCharacterLibrary/Models/CollisionHelpers
  artifactKey: Guid(3693c1cb83cc86c4c820e32e3d6b2c2b) Importer(815301076,1909f56bfc062723c751e8b465ee728b)
Start importing Assets/AllStarCharacterLibrary/Models/CollisionHelpers using Guid(3693c1cb83cc86c4c820e32e3d6b2c2b) Importer(815301076,1909f56bfc062723c751e8b465ee728b)  -> (artifact id: '6e84e58000abf3b6301013cf30a0c155') in 0.003188 seconds
  Import took 0.005437 seconds .

========================================================================
Received Import Request.
  Time since last request: 0.052481 seconds.
  path: Assets/AllStarCharacterLibrary/Models/CollisionHelpers/attackTarget.prefab
  artifactKey: Guid(43d2e555ee7c653478f3a241682f8530) Importer(815301076,1909f56bfc062723c751e8b465ee728b)
Start importing Assets/AllStarCharacterLibrary/Models/CollisionHelpers/attackTarget.prefab using Guid(43d2e555ee7c653478f3a241682f8530) Importer(815301076,1909f56bfc062723c751e8b465ee728b)  -> (artifact id: '1ae07c078b935860b6c393a71bbbfc8b') in 0.008966 seconds
  Import took 0.011075 seconds .

========================================================================
Received Import Request.
  Time since last request: 0.000326 seconds.
  path: Assets/AllStarCharacterLibrary/Models/CollisionHelpers/lookAtTarget.prefab
  artifactKey: Guid(f9ccb539b911d964bb7cfcda9f716bba) Importer(815301076,1909f56bfc062723c751e8b465ee728b)
Start importing Assets/AllStarCharacterLibrary/Models/CollisionHelpers/lookAtTarget.prefab using Guid(f9ccb539b911d964bb7cfcda9f716bba) Importer(815301076,1909f56bfc062723c751e8b465ee728b)  -> (artifact id: '23d89c5a3c2ca69872a4d48d8628f882') in 0.004164 seconds
  Import took 0.006321 seconds .

========================================================================
Received Import Request.
  Time since last request: 0.000419 seconds.
  path: Assets/AllStarCharacterLibrary/Models/CollisionHelpers/RadialAngler.prefab
  artifactKey: Guid(70482507955db60459cd62fbb7bba19f) Importer(815301076,1909f56bfc062723c751e8b465ee728b)
Start importing Assets/AllStarCharacterLibrary/Models/CollisionHelpers/RadialAngler.prefab using Guid(70482507955db60459cd62fbb7bba19f) Importer(815301076,1909f56bfc062723c751e8b465ee728b)  -> (artifact id: '70f024ee3c04fb7c2273e8b67ea05346') in 0.030486 seconds
  Import took 0.032993 seconds .

========================================================================
Received Import Request.
  Time since last request: 0.000630 seconds.
  path: Assets/AllStarCharacterLibrary/Models/CollisionHelpers/HealthBar.prefab
  artifactKey: Guid(7090f64d8af090b49a39c104573467f2) Importer(815301076,1909f56bfc062723c751e8b465ee728b)
Start importing Assets/AllStarCharacterLibrary/Models/CollisionHelpers/HealthBar.prefab using Guid(7090f64d8af090b49a39c104573467f2) Importer(815301076,1909f56bfc062723c751e8b465ee728b)  -> (artifact id: '857370624d9bcbce3165edfcf0589a20') in 0.011533 seconds
  Import took 0.014355 seconds .

========================================================================
Received Import Request.
  Time since last request: 0.000356 seconds.
  path: Assets/AllStarCharacterLibrary/Models/CollisionHelpers/movementTarget.prefab
  artifactKey: Guid(371fa73fc26eb0648b85ced29d267429) Importer(815301076,1909f56bfc062723c751e8b465ee728b)
Start importing Assets/AllStarCharacterLibrary/Models/CollisionHelpers/movementTarget.prefab using Guid(371fa73fc26eb0648b85ced29d267429) Importer(815301076,1909f56bfc062723c751e8b465ee728b)  -> (artifact id: '59655cb1c50e10327c8d8dfa8306cd9a') in 0.004667 seconds
  Import took 0.007035 seconds .

========================================================================
Received Import Request.
  Time since last request: 0.000386 seconds.
  path: Assets/AllStarCharacterLibrary/Models/CollisionHelpers/SwingDirection.prefab
  artifactKey: Guid(bee9a0f3805663840bff28cef9fe44de) Importer(815301076,1909f56bfc062723c751e8b465ee728b)
Start importing Assets/AllStarCharacterLibrary/Models/CollisionHelpers/SwingDirection.prefab using Guid(bee9a0f3805663840bff28cef9fe44de) Importer(815301076,1909f56bfc062723c751e8b465ee728b)  -> (artifact id: 'c1b8a330c54ab0bed2c15725950547e2') in 0.009656 seconds
  Import took 0.012415 seconds .

========================================================================
Received Import Request.
  Time since last request: 0.000338 seconds.
  path: Assets/AllStarCharacterLibrary/Models/CollisionHelpers/FloorTile.FBX
  artifactKey: Guid(b65db447aed17f84881b6089342fa7d3) Importer(815301076,1909f56bfc062723c751e8b465ee728b)
Start importing Assets/AllStarCharacterLibrary/Models/CollisionHelpers/FloorTile.FBX using Guid(b65db447aed17f84881b6089342fa7d3) Importer(815301076,1909f56bfc062723c751e8b465ee728b)  -> (artifact id: '0c0493eb4082efd5278c064be3825362') in 0.120533 seconds
  Import took 0.122933 seconds .

========================================================================
Received Import Request.
  Time since last request: 0.000360 seconds.
  path: Assets/AllStarCharacterLibrary/Models/CollisionHelpers/RadialAngler.FBX
  artifactKey: Guid(2d649dd312b1d374ea32a2d6097c437f) Importer(815301076,1909f56bfc062723c751e8b465ee728b)
Start importing Assets/AllStarCharacterLibrary/Models/CollisionHelpers/RadialAngler.FBX using Guid(2d649dd312b1d374ea32a2d6097c437f) Importer(815301076,1909f56bfc062723c751e8b465ee728b)  -> (artifact id: '8c9e9af67785e59ca59d425343713c33') in 0.017723 seconds
  Import took 0.020136 seconds .

========================================================================
Received Import Request.
  Time since last request: 0.000338 seconds.
  path: Assets/AllStarCharacterLibrary/Models/CollisionHelpers/NavCone.FBX
  artifactKey: Guid(57f62695387cc3944acb7f8eac6296ea) Importer(815301076,1909f56bfc062723c751e8b465ee728b)
Start importing Assets/AllStarCharacterLibrary/Models/CollisionHelpers/NavCone.FBX using Guid(57f62695387cc3944acb7f8eac6296ea) Importer(815301076,1909f56bfc062723c751e8b465ee728b)  -> (artifact id: '7ec049087dbf16f05a537b38b654dfbd') in 0.012146 seconds
  Import took 0.014780 seconds .

========================================================================
Received Import Request.
  Time since last request: 3.110079 seconds.
  path: Assets/AllStarCharacterLibrary/Models/CollisionHelpers/FloorTile.fbm
  artifactKey: Guid(8f59100256b995b4281fd03772c6c630) Importer(815301076,1909f56bfc062723c751e8b465ee728b)
Start importing Assets/AllStarCharacterLibrary/Models/CollisionHelpers/FloorTile.fbm using Guid(8f59100256b995b4281fd03772c6c630) Importer(815301076,1909f56bfc062723c751e8b465ee728b)  -> (artifact id: 'ed9adb61eb5986f3b8a746519eabb959') in 0.003808 seconds
  Import took 0.006129 seconds .

========================================================================
Received Import Request.
  Time since last request: 0.092913 seconds.
  path: Assets/AllStarCharacterLibrary/Models/CollisionHelpers/FloorTile.fbm/FloorOverlay.tga
  artifactKey: Guid(6daafcc6b08a2fb4d9d1e15cf980f6ba) Importer(815301076,1909f56bfc062723c751e8b465ee728b)
Start importing Assets/AllStarCharacterLibrary/Models/CollisionHelpers/FloorTile.fbm/FloorOverlay.tga using Guid(6daafcc6b08a2fb4d9d1e15cf980f6ba) Importer(815301076,1909f56bfc062723c751e8b465ee728b)  -> (artifact id: '44dba6149c741e2d681bef39efeaa762') in 0.015378 seconds
  Import took 0.017682 seconds .

========================================================================
Received Import Request.
  Time since last request: 42.590597 seconds.
  path: Assets/AllStarCharacterLibrary/Models/CollisionHelpers/Materials
  artifactKey: Guid(a74f70b61616a0e48ba85c3e67e6c4d8) Importer(815301076,1909f56bfc062723c751e8b465ee728b)
Start importing Assets/AllStarCharacterLibrary/Models/CollisionHelpers/Materials using Guid(a74f70b61616a0e48ba85c3e67e6c4d8) Importer(815301076,1909f56bfc062723c751e8b465ee728b)  -> (artifact id: '24228944c1edc6fdd34f72c0e4d62628') in 0.002589 seconds
  Import took 0.004741 seconds .

========================================================================
Received Import Request.
  Time since last request: 0.072489 seconds.
  path: Assets/AllStarCharacterLibrary/Models/CollisionHelpers/Materials/Angler.mat
  artifactKey: Guid(46915f236d6025b48a9f24bf35975bf5) Importer(815301076,1909f56bfc062723c751e8b465ee728b)
Start importing Assets/AllStarCharacterLibrary/Models/CollisionHelpers/Materials/Angler.mat using Guid(46915f236d6025b48a9f24bf35975bf5) Importer(815301076,1909f56bfc062723c751e8b465ee728b)  -> (artifact id: '41c012f9cb287995a794bc16345e1a56') in 0.007273 seconds
  Import took 0.009473 seconds .

========================================================================
Received Import Request.
  Time since last request: 0.000336 seconds.
  path: Assets/AllStarCharacterLibrary/Models/CollisionHelpers/Materials/green.mat
  artifactKey: Guid(06907430493860d44b8a4ef86ecdde22) Importer(815301076,1909f56bfc062723c751e8b465ee728b)
Start importing Assets/AllStarCharacterLibrary/Models/CollisionHelpers/Materials/green.mat using Guid(06907430493860d44b8a4ef86ecdde22) Importer(815301076,1909f56bfc062723c751e8b465ee728b)  -> (artifact id: 'f82583488c0db1f6cfcfcfeaa970326f') in 0.006534 seconds
  Import took 0.008752 seconds .

========================================================================
Received Import Request.
  Time since last request: 0.000339 seconds.
  path: Assets/AllStarCharacterLibrary/Models/CollisionHelpers/Materials/No Name.mat
  artifactKey: Guid(2e1bf01748dc43b409872d16e3f8c56f) Importer(815301076,1909f56bfc062723c751e8b465ee728b)
Start importing Assets/AllStarCharacterLibrary/Models/CollisionHelpers/Materials/No Name.mat using Guid(2e1bf01748dc43b409872d16e3f8c56f) Importer(815301076,1909f56bfc062723c751e8b465ee728b)  -> (artifact id: '3690659dbb15af497389c1451df61958') in 0.007395 seconds
  Import took 0.009576 seconds .

========================================================================
Received Import Request.
  Time since last request: 0.000329 seconds.
  path: Assets/AllStarCharacterLibrary/Models/CollisionHelpers/Materials/pink.mat
  artifactKey: Guid(ea87a7a194c9e3040a74b69e5ee0d2e7) Importer(815301076,1909f56bfc062723c751e8b465ee728b)
Start importing Assets/AllStarCharacterLibrary/Models/CollisionHelpers/Materials/pink.mat using Guid(ea87a7a194c9e3040a74b69e5ee0d2e7) Importer(815301076,1909f56bfc062723c751e8b465ee728b)  -> (artifact id: 'd96c3c84ec4033e0397067a585420155') in 0.009097 seconds
  Import took 0.011375 seconds .

========================================================================
Received Import Request.
  Time since last request: 0.000380 seconds.
  path: Assets/AllStarCharacterLibrary/Models/CollisionHelpers/Materials/FloorOverlay.mat
  artifactKey: Guid(3135b07a6d014134181139296768bb4d) Importer(815301076,1909f56bfc062723c751e8b465ee728b)
Start importing Assets/AllStarCharacterLibrary/Models/CollisionHelpers/Materials/FloorOverlay.mat using Guid(3135b07a6d014134181139296768bb4d) Importer(815301076,1909f56bfc062723c751e8b465ee728b)  -> (artifact id: '678fe8a1a3ef63011813235248d2e0f2') in 0.007518 seconds
  Import took 0.009728 seconds .

========================================================================
Received Import Request.
  Time since last request: 0.000358 seconds.
  path: Assets/AllStarCharacterLibrary/Models/CollisionHelpers/Materials/grey.mat
  artifactKey: Guid(d9f59d5f8a61c1646a840cb3fa3b8c59) Importer(815301076,1909f56bfc062723c751e8b465ee728b)
Start importing Assets/AllStarCharacterLibrary/Models/CollisionHelpers/Materials/grey.mat using Guid(d9f59d5f8a61c1646a840cb3fa3b8c59) Importer(815301076,1909f56bfc062723c751e8b465ee728b)  -> (artifact id: '30d075661cac470e7874743ee44aed83') in 0.011543 seconds
  Import took 0.013668 seconds .

========================================================================
Received Import Request.
  Time since last request: 0.000327 seconds.
  path: Assets/AllStarCharacterLibrary/Models/CollisionHelpers/Materials/red.mat
  artifactKey: Guid(8167b2942eef7144bb5600ecea7c0758) Importer(815301076,1909f56bfc062723c751e8b465ee728b)
Start importing Assets/AllStarCharacterLibrary/Models/CollisionHelpers/Materials/red.mat using Guid(8167b2942eef7144bb5600ecea7c0758) Importer(815301076,1909f56bfc062723c751e8b465ee728b)  -> (artifact id: '1b3561ad023227283c06ff3e497bd630') in 0.006369 seconds
  Import took 0.008746 seconds .

========================================================================
Received Import Request.
  Time since last request: 0.000375 seconds.
  path: Assets/AllStarCharacterLibrary/Models/CollisionHelpers/Materials/teal.mat
  artifactKey: Guid(96c4612794333f54483b9f498647f4c7) Importer(815301076,1909f56bfc062723c751e8b465ee728b)
Start importing Assets/AllStarCharacterLibrary/Models/CollisionHelpers/Materials/teal.mat using Guid(96c4612794333f54483b9f498647f4c7) Importer(815301076,1909f56bfc062723c751e8b465ee728b)  -> (artifact id: '6c02efca7121a63fa59c0a38c904967e') in 0.006450 seconds
  Import took 0.008553 seconds .

========================================================================
Received Import Request.
  Time since last request: 0.000322 seconds.
  path: Assets/AllStarCharacterLibrary/Models/CollisionHelpers/Materials/AnglerBlue.tga
  artifactKey: Guid(3fce71fb47bed3142956be6fa2bf0243) Importer(815301076,1909f56bfc062723c751e8b465ee728b)
Start importing Assets/AllStarCharacterLibrary/Models/CollisionHelpers/Materials/AnglerBlue.tga using Guid(3fce71fb47bed3142956be6fa2bf0243) Importer(815301076,1909f56bfc062723c751e8b465ee728b)  -> (artifact id: 'a01d52dff904025625694ac666a39a8c') in 0.006020 seconds
  Import took 0.008186 seconds .

========================================================================
Received Import Request.
  Time since last request: 3.182304 seconds.
  path: Assets/AllStarCharacterLibrary/Models/Characters/A03.FBX
  artifactKey: Guid(69e6a6ea8e179f445bd248ba46f2a2e9) Importer(815301076,1909f56bfc062723c751e8b465ee728b)
Start importing Assets/AllStarCharacterLibrary/Models/Characters/A03.FBX using Guid(69e6a6ea8e179f445bd248ba46f2a2e9) Importer(815301076,1909f56bfc062723c751e8b465ee728b)  -> (artifact id: '3a98579f0fba901b59d25327bc6dc607') in 0.236416 seconds
  Import took 0.238998 seconds .

========================================================================
Received Import Request.
  Time since last request: 0.000329 seconds.
  path: Assets/AllStarCharacterLibrary/Models/Characters/A03N.png
  artifactKey: Guid(7f065a8ce21f20d4f82746ad3e928710) Importer(815301076,1909f56bfc062723c751e8b465ee728b)
Start importing Assets/AllStarCharacterLibrary/Models/Characters/A03N.png using Guid(7f065a8ce21f20d4f82746ad3e928710) Importer(815301076,1909f56bfc062723c751e8b465ee728b)  -> (artifact id: '2ea3dc4276b1b584bd77c3da268a3ff1') in 0.022372 seconds
  Import took 0.024461 seconds .

========================================================================
Received Import Request.
  Time since last request: 0.000326 seconds.
  path: Assets/AllStarCharacterLibrary/Models/Characters/A03_LOD.tga
  artifactKey: Guid(5056471ee2f42fb46bf3e93b9724f7d5) Importer(815301076,1909f56bfc062723c751e8b465ee728b)
Start importing Assets/AllStarCharacterLibrary/Models/Characters/A03_LOD.tga using Guid(5056471ee2f42fb46bf3e93b9724f7d5) Importer(815301076,1909f56bfc062723c751e8b465ee728b)  -> (artifact id: 'c9a11c74bab10d9b7df8ea011db7147e') in 0.007366 seconds
  Import took 0.009475 seconds .

========================================================================
Received Import Request.
  Time since last request: 0.000344 seconds.
  path: Assets/AllStarCharacterLibrary/Models/Characters/A03.png
  artifactKey: Guid(6506a77c153f2da48aa24abb5a48159a) Importer(815301076,1909f56bfc062723c751e8b465ee728b)
Start importing Assets/AllStarCharacterLibrary/Models/Characters/A03.png using Guid(6506a77c153f2da48aa24abb5a48159a) Importer(815301076,1909f56bfc062723c751e8b465ee728b)  -> (artifact id: 'f3fa4ece9cfafefed7a4bb7f38b0a04d') in 0.006267 seconds
  Import took 0.008568 seconds .

========================================================================
Received Import Request.
  Time since last request: 22.027330 seconds.
  path: Assets/AllStarCharacterLibrary/Models/Characters/Ninjas
  artifactKey: Guid(55188854203c617498cc9b001dad1647) Importer(815301076,1909f56bfc062723c751e8b465ee728b)
Start importing Assets/AllStarCharacterLibrary/Models/Characters/Ninjas using Guid(55188854203c617498cc9b001dad1647) Importer(815301076,1909f56bfc062723c751e8b465ee728b)  -> (artifact id: '10a34743a405228cf4d46d58d45207ef') in 0.002242 seconds
  Import took 0.004409 seconds .

========================================================================
Received Import Request.
  Time since last request: 0.600418 seconds.
  path: Assets/AllStarCharacterLibrary/Models/Characters/Ninjas/Ninja.png
  artifactKey: Guid(96e820e38ddcef2449fc800152df5073) Importer(815301076,1909f56bfc062723c751e8b465ee728b)
Start importing Assets/AllStarCharacterLibrary/Models/Characters/Ninjas/Ninja.png using Guid(96e820e38ddcef2449fc800152df5073) Importer(815301076,1909f56bfc062723c751e8b465ee728b)  -> (artifact id: 'e19656d0526a7a1742037c7c4f9e4eee') in 0.022305 seconds
  Import took 0.069204 seconds .

========================================================================
Received Import Request.
  Time since last request: 0.000741 seconds.
  path: Assets/AllStarCharacterLibrary/Models/Characters/Ninjas/SuperLowNinja.tga
  artifactKey: Guid(74c1485f5b19faa4ba175ac68095166d) Importer(815301076,1909f56bfc062723c751e8b465ee728b)
Start importing Assets/AllStarCharacterLibrary/Models/Characters/Ninjas/SuperLowNinja.tga using Guid(74c1485f5b19faa4ba175ac68095166d) Importer(815301076,1909f56bfc062723c751e8b465ee728b)  -> (artifact id: '4a51bea7b91bb1312f24bc63655b4206') in 0.007637 seconds
  Import took 0.009972 seconds .

========================================================================
Received Import Request.
  Time since last request: 0.000400 seconds.
  path: Assets/AllStarCharacterLibrary/Models/Characters/Ninjas/Ninjas.FBX
  artifactKey: Guid(dcb1dc08d2cc24c408500eb8f881749f) Importer(815301076,1909f56bfc062723c751e8b465ee728b)
Start importing Assets/AllStarCharacterLibrary/Models/Characters/Ninjas/Ninjas.FBX using Guid(dcb1dc08d2cc24c408500eb8f881749f) Importer(815301076,1909f56bfc062723c751e8b465ee728b)  -> (artifact id: '87d1996112df5d3c7db2b75e2ef55dd0') in 0.051727 seconds
  Import took 0.054084 seconds .

========================================================================
Received Import Request.
  Time since last request: 35.046285 seconds.
  path: Assets/AllStarCharacterLibrary/Models/Characters/Ninjas/Materials
  artifactKey: Guid(d67157baaed953844930a2f48ca6972e) Importer(815301076,1909f56bfc062723c751e8b465ee728b)
Start importing Assets/AllStarCharacterLibrary/Models/Characters/Ninjas/Materials using Guid(d67157baaed953844930a2f48ca6972e) Importer(815301076,1909f56bfc062723c751e8b465ee728b)  -> (artifact id: '5cb809373105730e0249f4a0b4e7d29d') in 0.002965 seconds
  Import took 0.006149 seconds .

========================================================================
Received Import Request.
  Time since last request: 16.680755 seconds.
  path: Assets/AllStarCharacterLibrary/Models/Characters/A03 1.FBX
  artifactKey: Guid(11722c80b40b2a74eac83a63a5f96f5c) Importer(815301076,1909f56bfc062723c751e8b465ee728b)
Start importing Assets/AllStarCharacterLibrary/Models/Characters/A03 1.FBX using Guid(11722c80b40b2a74eac83a63a5f96f5c) Importer(815301076,1909f56bfc062723c751e8b465ee728b)  -> (artifact id: 'c7d090f1ea7460a04f9635c3829784b6') in 0.062688 seconds
  Import took 0.065037 seconds .

========================================================================
Received Import Request.
  Time since last request: 8.281131 seconds.
  path: Assets/AllStarCharacterLibrary/Models/Characters/Materials
  artifactKey: Guid(9ee1a951001a24c4ca1d81759a5f3164) Importer(815301076,1909f56bfc062723c751e8b465ee728b)
Start importing Assets/AllStarCharacterLibrary/Models/Characters/Materials using Guid(9ee1a951001a24c4ca1d81759a5f3164) Importer(815301076,1909f56bfc062723c751e8b465ee728b)  -> (artifact id: '35d3c462f96585d4324334d1ed31360d') in 0.002715 seconds
  Import took 0.004762 seconds .

========================================================================
Received Import Request.
  Time since last request: 0.042648 seconds.
  path: Assets/AllStarCharacterLibrary/Models/Characters/Materials/A03.mat
  artifactKey: Guid(7a929c571a74d814baac260ce80b6956) Importer(815301076,1909f56bfc062723c751e8b465ee728b)
Start importing Assets/AllStarCharacterLibrary/Models/Characters/Materials/A03.mat using Guid(7a929c571a74d814baac260ce80b6956) Importer(815301076,1909f56bfc062723c751e8b465ee728b)  -> (artifact id: 'e43d1f6abe3bdf4c23fe5915e5d954bf') in 0.010269 seconds
  Import took 0.012378 seconds .

========================================================================
Received Import Request.
  Time since last request: 0.000313 seconds.
  path: Assets/AllStarCharacterLibrary/Models/Characters/Materials/A06.mat
  artifactKey: Guid(77d0e1d85d6b2a641bea4bae9a75e391) Importer(815301076,1909f56bfc062723c751e8b465ee728b)
Start importing Assets/AllStarCharacterLibrary/Models/Characters/Materials/A06.mat using Guid(77d0e1d85d6b2a641bea4bae9a75e391) Importer(815301076,1909f56bfc062723c751e8b465ee728b)  -> (artifact id: '40f4839c58752cfc42911467c0772c6d') in 0.006797 seconds
  Import took 0.009100 seconds .

========================================================================
Received Import Request.
  Time since last request: 0.000356 seconds.
  path: Assets/AllStarCharacterLibrary/Models/Characters/Materials/A03_LOD.mat
  artifactKey: Guid(69837c4177555cb4d8b248eb08a20e60) Importer(815301076,1909f56bfc062723c751e8b465ee728b)
Start importing Assets/AllStarCharacterLibrary/Models/Characters/Materials/A03_LOD.mat using Guid(69837c4177555cb4d8b248eb08a20e60) Importer(815301076,1909f56bfc062723c751e8b465ee728b)  -> (artifact id: '7cd5b44c9fed1bf16c7e8284b828ff01') in 0.009597 seconds
  Import took 0.012243 seconds .

========================================================================
Received Import Request.
  Time since last request: 5.978299 seconds.
  path: Assets/AllStarCharacterLibrary/Models/RootAnimsMale
  artifactKey: Guid(a2edab45622827344a1290c51356e3b9) Importer(815301076,1909f56bfc062723c751e8b465ee728b)
Start importing Assets/AllStarCharacterLibrary/Models/RootAnimsMale using Guid(a2edab45622827344a1290c51356e3b9) Importer(815301076,1909f56bfc062723c751e8b465ee728b)  -> (artifact id: '6924dc2e6509420d44e0c37a468c2206') in 0.003107 seconds
  Import took 0.006002 seconds .

========================================================================
Received Import Request.
  Time since last request: 0.647222 seconds.
  path: Assets/AllStarCharacterLibrary/Models/RootAnimsMale/BaseMale.fbx
  artifactKey: Guid(98730b7884f51c84daac95aa72960d91) Importer(815301076,1909f56bfc062723c751e8b465ee728b)
Start importing Assets/AllStarCharacterLibrary/Models/RootAnimsMale/BaseMale.fbx using Guid(98730b7884f51c84daac95aa72960d91) Importer(815301076,1909f56bfc062723c751e8b465ee728b)  -> (artifact id: 'd42fcb228734c1d7a732e82342bb8f1c') in 0.006028 seconds
  Import took 0.008473 seconds .

========================================================================
Received Import Request.
  Time since last request: 0.000318 seconds.
  path: Assets/AllStarCharacterLibrary/Models/RootAnimsMale/BaseMale@1HAttack.fbx
  artifactKey: Guid(cff0a5804d97a2f4dad9cb8818a2dc66) Importer(815301076,1909f56bfc062723c751e8b465ee728b)
Start importing Assets/AllStarCharacterLibrary/Models/RootAnimsMale/BaseMale@1HAttack.fbx using Guid(cff0a5804d97a2f4dad9cb8818a2dc66) Importer(815301076,1909f56bfc062723c751e8b465ee728b)  -> (artifact id: 'f3253211cb9ca66ebe56695272dba359') in 0.005329 seconds
  Import took 0.007556 seconds .

========================================================================
Received Import Request.
  Time since last request: 0.000425 seconds.
  path: Assets/AllStarCharacterLibrary/Models/RootAnimsMale/BaseMale@1HDeathA.fbx
  artifactKey: Guid(feb2f2ea61772c0418bf647a4b532e38) Importer(815301076,1909f56bfc062723c751e8b465ee728b)
Start importing Assets/AllStarCharacterLibrary/Models/RootAnimsMale/BaseMale@1HDeathA.fbx using Guid(feb2f2ea61772c0418bf647a4b532e38) Importer(815301076,1909f56bfc062723c751e8b465ee728b)  -> (artifact id: 'c77cd3bc86f1caca456f7eaaf5011a4b') in 0.006888 seconds
  Import took 0.009265 seconds .

========================================================================
Received Import Request.
  Time since last request: 0.000334 seconds.
  path: Assets/AllStarCharacterLibrary/Models/RootAnimsMale/BaseMale@1HStepLeft.fbx
  artifactKey: Guid(51f31ea232b102d4885d6980f2edb96a) Importer(815301076,1909f56bfc062723c751e8b465ee728b)
Start importing Assets/AllStarCharacterLibrary/Models/RootAnimsMale/BaseMale@1HStepLeft.fbx using Guid(51f31ea232b102d4885d6980f2edb96a) Importer(815301076,1909f56bfc062723c751e8b465ee728b)  -> (artifact id: '30fe866edf351b5a3c79bad3bce52458') in 0.005166 seconds
  Import took 0.007965 seconds .

========================================================================
Received Import Request.
  Time since last request: 0.000339 seconds.
  path: Assets/AllStarCharacterLibrary/Models/RootAnimsMale/BaseMale@1HWalkF.fbx
  artifactKey: Guid(01d3f94294a126942b3d862217e50e1f) Importer(815301076,1909f56bfc062723c751e8b465ee728b)
Start importing Assets/AllStarCharacterLibrary/Models/RootAnimsMale/BaseMale@1HWalkF.fbx using Guid(01d3f94294a126942b3d862217e50e1f) Importer(815301076,1909f56bfc062723c751e8b465ee728b)  -> (artifact id: 'bf2a927d0ad5306e5611ca52ce55ab88') in 0.005247 seconds
  Import took 0.007566 seconds .

========================================================================
Received Import Request.
  Time since last request: 0.000375 seconds.
  path: Assets/AllStarCharacterLibrary/Models/RootAnimsMale/BaseMaleSpineAvatarMask.mask
  artifactKey: Guid(aa02c516f6973324c9c0da8e094a6059) Importer(815301076,1909f56bfc062723c751e8b465ee728b)
Start importing Assets/AllStarCharacterLibrary/Models/RootAnimsMale/BaseMaleSpineAvatarMask.mask using Guid(aa02c516f6973324c9c0da8e094a6059) Importer(815301076,1909f56bfc062723c751e8b465ee728b)  -> (artifact id: '285659cf9141d403462c03b9883d2b9e') in 0.005137 seconds
  Import took 0.007254 seconds .

========================================================================
Received Import Request.
  Time since last request: 0.000325 seconds.
  path: Assets/AllStarCharacterLibrary/Models/RootAnimsMale/BaseMale@1HStepForward.fbx
  artifactKey: Guid(df69118e1ca382d4fbf35952d291beb7) Importer(815301076,1909f56bfc062723c751e8b465ee728b)
Start importing Assets/AllStarCharacterLibrary/Models/RootAnimsMale/BaseMale@1HStepForward.fbx using Guid(df69118e1ca382d4fbf35952d291beb7) Importer(815301076,1909f56bfc062723c751e8b465ee728b)  -> (artifact id: '10bf2514793bc4d87e84b1c71319530f') in 0.005424 seconds
  Import took 0.007688 seconds .

========================================================================
Received Import Request.
  Time since last request: 0.000317 seconds.
  path: Assets/AllStarCharacterLibrary/Models/RootAnimsMale/BaseMale@1HPain.fbx
  artifactKey: Guid(79fb9ac7db57bad4ba6315ca63eb03ef) Importer(815301076,1909f56bfc062723c751e8b465ee728b)
Start importing Assets/AllStarCharacterLibrary/Models/RootAnimsMale/BaseMale@1HPain.fbx using Guid(79fb9ac7db57bad4ba6315ca63eb03ef) Importer(815301076,1909f56bfc062723c751e8b465ee728b)  -> (artifact id: '2d4d4970aa44d1d68490a0f3733e1088') in 0.005836 seconds
  Import took 0.008253 seconds .

========================================================================
Received Import Request.
  Time since last request: 0.000342 seconds.
  path: Assets/AllStarCharacterLibrary/Models/RootAnimsMale/BaseMale@1HStepBack.FBX
  artifactKey: Guid(feb4408d678b098469c5cc1f77f09bc8) Importer(815301076,1909f56bfc062723c751e8b465ee728b)
Start importing Assets/AllStarCharacterLibrary/Models/RootAnimsMale/BaseMale@1HStepBack.FBX using Guid(feb4408d678b098469c5cc1f77f09bc8) Importer(815301076,1909f56bfc062723c751e8b465ee728b)  -> (artifact id: 'd01a0182b66daf77ecbf71150be6f45f') in 0.005143 seconds
  Import took 0.007437 seconds .

========================================================================
Received Import Request.
  Time since last request: 0.000323 seconds.
  path: Assets/AllStarCharacterLibrary/Models/RootAnimsMale/BaseMale@1HIdle.fbx
  artifactKey: Guid(c6b9147fbdbe9184a987c18b90ebd031) Importer(815301076,1909f56bfc062723c751e8b465ee728b)
Start importing Assets/AllStarCharacterLibrary/Models/RootAnimsMale/BaseMale@1HIdle.fbx using Guid(c6b9147fbdbe9184a987c18b90ebd031) Importer(815301076,1909f56bfc062723c751e8b465ee728b)  -> (artifact id: '54e3296e0da67039a8fec24a0e9f9e68') in 0.005864 seconds
  Import took 0.008328 seconds .

========================================================================
Received Import Request.
  Time since last request: 0.000418 seconds.
  path: Assets/AllStarCharacterLibrary/Models/RootAnimsMale/BaseMale@1HDeathC.fbx
  artifactKey: Guid(99f4af9cd85651146bd45e2726a5c5cb) Importer(815301076,1909f56bfc062723c751e8b465ee728b)
Start importing Assets/AllStarCharacterLibrary/Models/RootAnimsMale/BaseMale@1HDeathC.fbx using Guid(99f4af9cd85651146bd45e2726a5c5cb) Importer(815301076,1909f56bfc062723c751e8b465ee728b)  -> (artifact id: 'ac88310d9fbfb8cba91570844d720003') in 0.006076 seconds
  Import took 0.008460 seconds .

========================================================================
Received Import Request.
  Time since last request: 0.000324 seconds.
  path: Assets/AllStarCharacterLibrary/Models/RootAnimsMale/BaseMale@1HStepRight.fbx
  artifactKey: Guid(7740ceee495c7454ebe5d1e4c42324d1) Importer(815301076,1909f56bfc062723c751e8b465ee728b)
Start importing Assets/AllStarCharacterLibrary/Models/RootAnimsMale/BaseMale@1HStepRight.fbx using Guid(7740ceee495c7454ebe5d1e4c42324d1) Importer(815301076,1909f56bfc062723c751e8b465ee728b)  -> (artifact id: '8bc79f948b751f29d158461130f4bc07') in 0.005240 seconds
  Import took 0.007602 seconds .

========================================================================
Received Import Request.
  Time since last request: 0.000344 seconds.
  path: Assets/AllStarCharacterLibrary/Models/RootAnimsMale/BaseMale@1HCombatRunF.fbx
  artifactKey: Guid(edaac752f57407347a66e45c930145f8) Importer(815301076,1909f56bfc062723c751e8b465ee728b)
Start importing Assets/AllStarCharacterLibrary/Models/RootAnimsMale/BaseMale@1HCombatRunF.fbx using Guid(edaac752f57407347a66e45c930145f8) Importer(815301076,1909f56bfc062723c751e8b465ee728b)  -> (artifact id: 'cad108879b8d7d3a998b17d4115d6b0a') in 0.005636 seconds
  Import took 0.007974 seconds .

========================================================================
Received Import Request.
  Time since last request: 0.000341 seconds.
  path: Assets/AllStarCharacterLibrary/Models/RootAnimsMale/BaseMale@1HDeathB.fbx
  artifactKey: Guid(fc89a7275cf0c2540bd048fa3d89f99d) Importer(815301076,1909f56bfc062723c751e8b465ee728b)
Start importing Assets/AllStarCharacterLibrary/Models/RootAnimsMale/BaseMale@1HDeathB.fbx using Guid(fc89a7275cf0c2540bd048fa3d89f99d) Importer(815301076,1909f56bfc062723c751e8b465ee728b)  -> (artifact id: '1f9b1133a30fe82842332cdd60d57279') in 0.006155 seconds
  Import took 0.008522 seconds .

========================================================================
Received Import Request.
  Time since last request: 0.000328 seconds.
  path: Assets/AllStarCharacterLibrary/Models/RootAnimsMale/BaseMale@1HCombatIdle.fbx
  artifactKey: Guid(6ec045986f5ef8840a0a810f4f4172c7) Importer(815301076,1909f56bfc062723c751e8b465ee728b)
Start importing Assets/AllStarCharacterLibrary/Models/RootAnimsMale/BaseMale@1HCombatIdle.fbx using Guid(6ec045986f5ef8840a0a810f4f4172c7) Importer(815301076,1909f56bfc062723c751e8b465ee728b)  -> (artifact id: '8520c7fe538a4814ba9f968d47d1db0e') in 0.005025 seconds
  Import took 0.007473 seconds .

========================================================================
Received Import Request.
  Time since last request: 0.000317 seconds.
  path: Assets/AllStarCharacterLibrary/Models/RootAnimsMale/SuperMale@KnockedBack.FBX
  artifactKey: Guid(9be2bf26228ff6e4c97a6bd78197b877) Importer(815301076,1909f56bfc062723c751e8b465ee728b)
Start importing Assets/AllStarCharacterLibrary/Models/RootAnimsMale/SuperMale@KnockedBack.FBX using Guid(9be2bf26228ff6e4c97a6bd78197b877) Importer(815301076,1909f56bfc062723c751e8b465ee728b)  -> (artifact id: '7db40b8cddb901269e22c0739b6e10d1') in 0.005573 seconds
  Import took 0.007973 seconds .

========================================================================
Received Import Request.
  Time since last request: 0.000306 seconds.
  path: Assets/AllStarCharacterLibrary/Models/RootAnimsMale/MaleUpperBody.mask
  artifactKey: Guid(fcca5a3d60282674ca226381b850128f) Importer(815301076,1909f56bfc062723c751e8b465ee728b)
Start importing Assets/AllStarCharacterLibrary/Models/RootAnimsMale/MaleUpperBody.mask using Guid(fcca5a3d60282674ca226381b850128f) Importer(815301076,1909f56bfc062723c751e8b465ee728b)  -> (artifact id: '50939252f68aa79b233a1bc6284c1905') in 0.003517 seconds
  Import took 0.005684 seconds .

========================================================================
Received Import Request.
  Time since last request: 0.000302 seconds.
  path: Assets/AllStarCharacterLibrary/Models/RootAnimsMale/SuperMaleUpperBody.mask
  artifactKey: Guid(7504badfcb30ea141a7ddd37bde8f172) Importer(815301076,1909f56bfc062723c751e8b465ee728b)
Start importing Assets/AllStarCharacterLibrary/Models/RootAnimsMale/SuperMaleUpperBody.mask using Guid(7504badfcb30ea141a7ddd37bde8f172) Importer(815301076,1909f56bfc062723c751e8b465ee728b)  -> (artifact id: '726fa529881b7e73ef021500ef879ebe') in 0.002792 seconds
  Import took 0.005031 seconds .

========================================================================
Received Import Request.
  Time since last request: 0.000360 seconds.
  path: Assets/AllStarCharacterLibrary/Models/RootAnimsMale/SuperMale.FBX
  artifactKey: Guid(7dc18b4097fb276428929b8d700a7bb3) Importer(815301076,1909f56bfc062723c751e8b465ee728b)
Start importing Assets/AllStarCharacterLibrary/Models/RootAnimsMale/SuperMale.FBX using Guid(7dc18b4097fb276428929b8d700a7bb3) Importer(815301076,1909f56bfc062723c751e8b465ee728b)  -> (artifact id: '42855c4ce8ca841bd202d5f956e42d00') in 0.005583 seconds
  Import took 0.007856 seconds .

========================================================================
Received Import Request.
  Time since last request: 145.003431 seconds.
  path: Assets/AllStarCharacterLibrary/Scripts/Game.prefab
  artifactKey: Guid(6d10d9967007f8f44a24231524eb2dc7) Importer(815301076,1909f56bfc062723c751e8b465ee728b)
Start importing Assets/AllStarCharacterLibrary/Scripts/Game.prefab using Guid(6d10d9967007f8f44a24231524eb2dc7) Importer(815301076,1909f56bfc062723c751e8b465ee728b)  -> (artifact id: 'c9627dd4639045f5f7c665bd5de53392') in 0.005233 seconds
  Import took 0.007644 seconds .

========================================================================
Received Import Request.
  Time since last request: 0.000342 seconds.
  path: Assets/AllStarCharacterLibrary/Scripts/Zone00.prefab
  artifactKey: Guid(4f7a67c9cd6203d459812cdb49119f5f) Importer(815301076,1909f56bfc062723c751e8b465ee728b)
Start importing Assets/AllStarCharacterLibrary/Scripts/Zone00.prefab using Guid(4f7a67c9cd6203d459812cdb49119f5f) Importer(815301076,1909f56bfc062723c751e8b465ee728b)  -> (artifact id: '28818ad20dbf2ce8b7b38c0fa4cf78bc') in 0.009009 seconds
  Import took 0.011343 seconds .

========================================================================
Received Import Request.
  Time since last request: 5.549575 seconds.
  path: Assets/Agent1 1 (1).prefab
  artifactKey: Guid(cc953c3b49fd782439ac93c3c6c404e3) Importer(815301076,1909f56bfc062723c751e8b465ee728b)
Start importing Assets/Agent1 1 (1).prefab using Guid(cc953c3b49fd782439ac93c3c6c404e3) Importer(815301076,1909f56bfc062723c751e8b465ee728b)  -> (artifact id: '0405ae3dc979367f30f396b66c2e932f') in 0.012438 seconds
  Import took 0.015040 seconds .

========================================================================
Received Prepare
Registering precompiled user dll's ...
Registered in 0.000790 seconds.
Begin MonoManager ReloadAssembly
Native extension for WindowsStandalone target not found
Refreshing native plugins compatible for Editor in 0.16 ms, found 0 plugins.
Preloading 0 native plugins for Editor in 0.00 ms.
Invoked RoslynAnalysisRunner static constructor.
RoslynAnalysisRunner will not be running.
RoslynAnalysisRunner has terminated.
Mono: successfully reloaded assembly
- Completed reload, in  0.712 seconds
Platform modules already initialized, skipping
Refreshing native plugins compatible for Editor in 0.12 ms, found 0 plugins.
Preloading 0 native plugins for Editor in 0.00 ms.
Unloading 546 Unused Serialized files (Serialized files now loaded: 0)
System memory in use before: 56.6 MB.
System memory in use after: 56.6 MB.

Unloading 5 unused Assets to reduce memory usage. Loaded Objects now: 1056.
Total: 1.101200 ms (FindLiveObjects: 0.079200 ms CreateObjectMapping: 0.014900 ms MarkObjects: 0.989200 ms  DeleteObjects: 0.016900 ms)

========================================================================
Received Import Request.
  Time since last request: 16.942564 seconds.
  path: Assets/FantasyMonster/Skeleton
  artifactKey: Guid(12642476d7f32fa44b3ef9d4240cb4e3) Importer(815301076,1909f56bfc062723c751e8b465ee728b)
Start importing Assets/FantasyMonster/Skeleton using Guid(12642476d7f32fa44b3ef9d4240cb4e3) Importer(815301076,1909f56bfc062723c751e8b465ee728b)  -> (artifact id: '2b3c4cbed5b7e16312e3788e39655c8d') in 0.005507 seconds
  Import took 0.007641 seconds .

========================================================================
Received Prepare
Registering precompiled user dll's ...
Registered in 0.001027 seconds.
Begin MonoManager ReloadAssembly
Native extension for WindowsStandalone target not found
Refreshing native plugins compatible for Editor in 0.13 ms, found 0 plugins.
Preloading 0 native plugins for Editor in 0.00 ms.
Invoked RoslynAnalysisRunner static constructor.
RoslynAnalysisRunner will not be running.
RoslynAnalysisRunner has terminated.
Mono: successfully reloaded assembly
- Completed reload, in  0.822 seconds
Platform modules already initialized, skipping
Refreshing native plugins compatible for Editor in 0.25 ms, found 0 plugins.
Preloading 0 native plugins for Editor in 0.00 ms.
Unloading 546 Unused Serialized files (Serialized files now loaded: 0)
System memory in use before: 56.6 MB.
System memory in use after: 56.6 MB.

Unloading 4 unused Assets to reduce memory usage. Loaded Objects now: 1058.
Total: 1.342500 ms (FindLiveObjects: 0.139300 ms CreateObjectMapping: 0.024900 ms MarkObjects: 1.165100 ms  DeleteObjects: 0.011800 ms)

========================================================================
Received Import Request.
  Time since last request: 185.218411 seconds.
  path: Assets/FantasyMonster/Skeleton/Character/Materials
  artifactKey: Guid(3aa64bb26649e004f9d6778fbedd7613) Importer(815301076,1909f56bfc062723c751e8b465ee728b)
Start importing Assets/FantasyMonster/Skeleton/Character/Materials using Guid(3aa64bb26649e004f9d6778fbedd7613) Importer(815301076,1909f56bfc062723c751e8b465ee728b)  -> (artifact id: 'f6ecedc57927f328455809e8c5905ad1') in 0.006013 seconds
  Import took 0.008300 seconds .

========================================================================
Received Import Request.
  Time since last request: 0.069649 seconds.
  path: Assets/FantasyMonster/Skeleton/Character/Materials/skeleton_D.mat
  artifactKey: Guid(ed14df0368fe53543907335c0e3902c6) Importer(815301076,1909f56bfc062723c751e8b465ee728b)
Start importing Assets/FantasyMonster/Skeleton/Character/Materials/skeleton_D.mat using Guid(ed14df0368fe53543907335c0e3902c6) Importer(815301076,1909f56bfc062723c751e8b465ee728b)  -> (artifact id: '2500a977802f3aed66a59687c81acb0b') in 0.044640 seconds
  Import took 0.046904 seconds .

========================================================================
Received Import Request.
  Time since last request: 1.380951 seconds.
  path: Assets/FantasyMonster/Skeleton/Ani/Skeleton@Attack.FBX
  artifactKey: Guid(dfc15c633f0d98141920018f79a042a6) Importer(815301076,1909f56bfc062723c751e8b465ee728b)
Start importing Assets/FantasyMonster/Skeleton/Ani/Skeleton@Attack.FBX using Guid(dfc15c633f0d98141920018f79a042a6) Importer(815301076,1909f56bfc062723c751e8b465ee728b)  -> (artifact id: '9eb6669b988ffae124fbbbc46beddfeb') in 0.039995 seconds
  Import took 0.042599 seconds .

========================================================================
Received Import Request.
  Time since last request: 0.000320 seconds.
  path: Assets/FantasyMonster/Skeleton/Ani/Skeleton@Skill.FBX
  artifactKey: Guid(1e768688017709245aed3bb86453c364) Importer(815301076,1909f56bfc062723c751e8b465ee728b)
Start importing Assets/FantasyMonster/Skeleton/Ani/Skeleton@Skill.FBX using Guid(1e768688017709245aed3bb86453c364) Importer(815301076,1909f56bfc062723c751e8b465ee728b)  -> (artifact id: '0b336c87a550c45be2e03eb187defea6') in 0.022729 seconds
  Import took 0.024989 seconds .

========================================================================
Received Import Request.
  Time since last request: 0.000319 seconds.
  path: Assets/FantasyMonster/Skeleton/Ani/Skeleton@Death.FBX
  artifactKey: Guid(a749f4485b342b7469956010abf2ab25) Importer(815301076,1909f56bfc062723c751e8b465ee728b)
Start importing Assets/FantasyMonster/Skeleton/Ani/Skeleton@Death.FBX using Guid(a749f4485b342b7469956010abf2ab25) Importer(815301076,1909f56bfc062723c751e8b465ee728b)  -> (artifact id: '8f3750912046b4136f17a3c7dd2b10af') in 0.022491 seconds
  Import took 0.024763 seconds .

========================================================================
Received Import Request.
  Time since last request: 0.000328 seconds.
  path: Assets/FantasyMonster/Skeleton/Ani/Skeleton@Run.FBX
  artifactKey: Guid(f57ee821486cd7b488adf1063a8dd207) Importer(815301076,1909f56bfc062723c751e8b465ee728b)
Start importing Assets/FantasyMonster/Skeleton/Ani/Skeleton@Run.FBX using Guid(f57ee821486cd7b488adf1063a8dd207) Importer(815301076,1909f56bfc062723c751e8b465ee728b)  -> (artifact id: 'b214115bb98adbc765bf01212f781c31') in 0.023585 seconds
  Import took 0.025975 seconds .

========================================================================
Received Import Request.
  Time since last request: 0.000334 seconds.
  path: Assets/FantasyMonster/Skeleton/Ani/Skeleton@Idle.FBX
  artifactKey: Guid(a5ea117a2b123564a83a2dbd1c9ea4cf) Importer(815301076,1909f56bfc062723c751e8b465ee728b)
Start importing Assets/FantasyMonster/Skeleton/Ani/Skeleton@Idle.FBX using Guid(a5ea117a2b123564a83a2dbd1c9ea4cf) Importer(815301076,1909f56bfc062723c751e8b465ee728b)  -> (artifact id: 'a2c7089d25567bc237ebfbdaaf455818') in 0.023473 seconds
  Import took 0.026080 seconds .

========================================================================
Received Import Request.
  Time since last request: 0.000330 seconds.
  path: Assets/FantasyMonster/Skeleton/Ani/Skeleton@Damage.FBX
  artifactKey: Guid(81d4af5a5190e3d4d88c97161d881bf3) Importer(815301076,1909f56bfc062723c751e8b465ee728b)
Start importing Assets/FantasyMonster/Skeleton/Ani/Skeleton@Damage.FBX using Guid(81d4af5a5190e3d4d88c97161d881bf3) Importer(815301076,1909f56bfc062723c751e8b465ee728b)  -> (artifact id: '8e77cf41181f4bd7c220a3b693705775') in 0.022978 seconds
  Import took 0.025233 seconds .

========================================================================
Received Import Request.
  Time since last request: 0.000334 seconds.
  path: Assets/FantasyMonster/Skeleton/Ani/Skeleton@Knockback.FBX
  artifactKey: Guid(6e0b4a05932877a4b89fb3fb32c3e72b) Importer(815301076,1909f56bfc062723c751e8b465ee728b)
Start importing Assets/FantasyMonster/Skeleton/Ani/Skeleton@Knockback.FBX using Guid(6e0b4a05932877a4b89fb3fb32c3e72b) Importer(815301076,1909f56bfc062723c751e8b465ee728b)  -> (artifact id: '6e6dc7d99ce447bb92b3bacb95e4226f') in 0.022329 seconds
  Import took 0.024547 seconds .

========================================================================
Received Import Request.
  Time since last request: 0.000318 seconds.
  path: Assets/FantasyMonster/Skeleton/Ani/Skeleton@Walk.FBX
  artifactKey: Guid(188f1042b5ff4644389fad5df1f98d7c) Importer(815301076,1909f56bfc062723c751e8b465ee728b)
Start importing Assets/FantasyMonster/Skeleton/Ani/Skeleton@Walk.FBX using Guid(188f1042b5ff4644389fad5df1f98d7c) Importer(815301076,1909f56bfc062723c751e8b465ee728b)  -> (artifact id: 'dc2f048be98e33ada8119dcad27bda0c') in 0.023067 seconds
  Import took 0.025242 seconds .

========================================================================
Received Import Request.
  Time since last request: 0.000322 seconds.
  path: Assets/FantasyMonster/Skeleton/Ani/Skeleton@Stand.FBX
  artifactKey: Guid(6f61bc53c41ba664fa527d3386ecfd1e) Importer(815301076,1909f56bfc062723c751e8b465ee728b)
Start importing Assets/FantasyMonster/Skeleton/Ani/Skeleton@Stand.FBX using Guid(6f61bc53c41ba664fa527d3386ecfd1e) Importer(815301076,1909f56bfc062723c751e8b465ee728b)  -> (artifact id: '7d94da4078e408e65631d6097148b3da') in 0.022627 seconds
  Import took 0.025152 seconds .

========================================================================
Received Import Request.
  Time since last request: 49.063534 seconds.
  path: Assets/FantasyMonster/Skeleton/Ani
  artifactKey: Guid(fe766a246c9a5f140af79997b25682f7) Importer(815301076,1909f56bfc062723c751e8b465ee728b)
Start importing Assets/FantasyMonster/Skeleton/Ani using Guid(fe766a246c9a5f140af79997b25682f7) Importer(815301076,1909f56bfc062723c751e8b465ee728b)  -> (artifact id: 'ea57c8f923712c366a9ed473ee3a5eec') in 0.004596 seconds
  Import took 0.006900 seconds .

========================================================================
Received Import Request.
  Time since last request: 0.994973 seconds.
  path: Assets/FantasyMonster/Skeleton/Ani/Materials
  artifactKey: Guid(0f63846049c1b3341a6f8cac53dcc458) Importer(815301076,1909f56bfc062723c751e8b465ee728b)
Start importing Assets/FantasyMonster/Skeleton/Ani/Materials using Guid(0f63846049c1b3341a6f8cac53dcc458) Importer(815301076,1909f56bfc062723c751e8b465ee728b)  -> (artifact id: 'cb90b705e5304358be226d251150410d') in 0.002598 seconds
  Import took 0.004674 seconds .

========================================================================
Received Import Request.
  Time since last request: 0.055732 seconds.
  path: Assets/FantasyMonster/Skeleton/Ani/Materials/skeleton_D.mat
  artifactKey: Guid(b1494958bf9856a479bec1767c02878e) Importer(815301076,1909f56bfc062723c751e8b465ee728b)
Start importing Assets/FantasyMonster/Skeleton/Ani/Materials/skeleton_D.mat using Guid(b1494958bf9856a479bec1767c02878e) Importer(815301076,1909f56bfc062723c751e8b465ee728b)  -> (artifact id: '352379aa871cb77c0a9b697376b40fd3') in 0.007347 seconds
  Import took 0.009452 seconds .

========================================================================
Received Prepare
Registering precompiled user dll's ...
Registered in 0.000900 seconds.
Begin MonoManager ReloadAssembly
Native extension for WindowsStandalone target not found
Refreshing native plugins compatible for Editor in 0.13 ms, found 0 plugins.
Preloading 0 native plugins for Editor in 0.00 ms.
Invoked RoslynAnalysisRunner static constructor.
RoslynAnalysisRunner will not be running.
RoslynAnalysisRunner has terminated.
Mono: successfully reloaded assembly
- Completed reload, in  0.665 seconds
Platform modules already initialized, skipping
Refreshing native plugins compatible for Editor in 0.12 ms, found 0 plugins.
Preloading 0 native plugins for Editor in 0.00 ms.
Unloading 546 Unused Serialized files (Serialized files now loaded: 0)
System memory in use before: 57.3 MB.
System memory in use after: 57.3 MB.

Unloading 4 unused Assets to reduce memory usage. Loaded Objects now: 1061.
Total: 1.091300 ms (FindLiveObjects: 0.087800 ms CreateObjectMapping: 0.014500 ms MarkObjects: 0.974300 ms  DeleteObjects: 0.013400 ms)

========================================================================
Received Import Request.
  Time since last request: 115.553454 seconds.
  path: Assets/FantasyMonster/Skeleton/Ani/Run.anim
  artifactKey: Guid(5af43b7e51088c84d848191be8a78799) Importer(815301076,1909f56bfc062723c751e8b465ee728b)
Start importing Assets/FantasyMonster/Skeleton/Ani/Run.anim using Guid(5af43b7e51088c84d848191be8a78799) Importer(815301076,1909f56bfc062723c751e8b465ee728b)  -> (artifact id: '12e7f9e6fe5cf4ff6854bc6ee6d314f6') in 0.015449 seconds
  Import took 0.017715 seconds .

========================================================================
Received Import Request.
  Time since last request: 50.676078 seconds.
  path: Assets/FantasyMonster/Skeleton/Ani/Skeleton@Walk.FBX
  artifactKey: Guid(188f1042b5ff4644389fad5df1f98d7c) Importer(815301076,1909f56bfc062723c751e8b465ee728b)
Start importing Assets/FantasyMonster/Skeleton/Ani/Skeleton@Walk.FBX using Guid(188f1042b5ff4644389fad5df1f98d7c) Importer(815301076,1909f56bfc062723c751e8b465ee728b)  -> (artifact id: '53715939fdf2a6ab6c15ad430d2c39b4') in 0.060355 seconds
  Import took 0.062687 seconds .

========================================================================
Received Import Request.
  Time since last request: 62.922565 seconds.
  path: Assets/FantasyMonster/Skeleton/Texture/Skeleton_D.tif
  artifactKey: Guid(943f3c476130c4f4f8ae55ef3ccd38ba) Importer(815301076,1909f56bfc062723c751e8b465ee728b)
Start importing Assets/FantasyMonster/Skeleton/Texture/Skeleton_D.tif using Guid(943f3c476130c4f4f8ae55ef3ccd38ba) Importer(815301076,1909f56bfc062723c751e8b465ee728b)  -> (artifact id: '0d7d2c4125d44325730a0c3cd668b0ea') in 0.016608 seconds
  Import took 0.019041 seconds .

========================================================================
Received Prepare
Registering precompiled user dll's ...
Registered in 0.000638 seconds.
Begin MonoManager ReloadAssembly
Native extension for WindowsStandalone target not found
Refreshing native plugins compatible for Editor in 0.13 ms, found 0 plugins.
Preloading 0 native plugins for Editor in 0.00 ms.
Invoked RoslynAnalysisRunner static constructor.
RoslynAnalysisRunner will not be running.
RoslynAnalysisRunner has terminated.
Mono: successfully reloaded assembly
- Completed reload, in  0.608 seconds
Platform modules already initialized, skipping
Refreshing native plugins compatible for Editor in 0.12 ms, found 0 plugins.
Preloading 0 native plugins for Editor in 0.00 ms.
Unloading 547 Unused Serialized files (Serialized files now loaded: 0)
System memory in use before: 57.3 MB.
System memory in use after: 57.3 MB.

Unloading 4 unused Assets to reduce memory usage. Loaded Objects now: 1065.
Total: 1.637500 ms (FindLiveObjects: 0.228100 ms CreateObjectMapping: 0.043900 ms MarkObjects: 1.349900 ms  DeleteObjects: 0.014200 ms)

========================================================================
Received Import Request.
  Time since last request: 111.941652 seconds.
  path: Assets/Skelemation.cs
  artifactKey: Guid(9fa52bf0f53d0f040a4268a1625fb350) Importer(815301076,1909f56bfc062723c751e8b465ee728b)
Start importing Assets/Skelemation.cs using Guid(9fa52bf0f53d0f040a4268a1625fb350) Importer(815301076,1909f56bfc062723c751e8b465ee728b)  -> (artifact id: '43df2088b8909ea2bd7a86e92d5b7f8f') in 0.007012 seconds
  Import took 0.009207 seconds .

========================================================================
Received Import Request.
  Time since last request: 0.000701 seconds.
  path: Assets/Skelemation.cs
  artifactKey: Guid(9fa52bf0f53d0f040a4268a1625fb350) Importer(815301076,1909f56bfc062723c751e8b465ee728b)
Start importing Assets/Skelemation.cs using Guid(9fa52bf0f53d0f040a4268a1625fb350) Importer(815301076,1909f56bfc062723c751e8b465ee728b)  -> (artifact id: '43df2088b8909ea2bd7a86e92d5b7f8f') in 0.002013 seconds
  Import took 0.004324 seconds .

========================================================================
Received Prepare
Registering precompiled user dll's ...
Registered in 0.000691 seconds.
Begin MonoManager ReloadAssembly
Native extension for WindowsStandalone target not found
Refreshing native plugins compatible for Editor in 0.12 ms, found 0 plugins.
Preloading 0 native plugins for Editor in 0.00 ms.
Invoked RoslynAnalysisRunner static constructor.
RoslynAnalysisRunner will not be running.
RoslynAnalysisRunner has terminated.
Mono: successfully reloaded assembly
- Completed reload, in  0.621 seconds
Platform modules already initialized, skipping
Refreshing native plugins compatible for Editor in 0.13 ms, found 0 plugins.
Preloading 0 native plugins for Editor in 0.00 ms.
Unloading 547 Unused Serialized files (Serialized files now loaded: 0)
System memory in use before: 57.3 MB.
System memory in use after: 57.3 MB.

Unloading 4 unused Assets to reduce memory usage. Loaded Objects now: 1067.
Total: 1.221800 ms (FindLiveObjects: 0.082700 ms CreateObjectMapping: 0.014900 ms MarkObjects: 1.111600 ms  DeleteObjects: 0.011700 ms)

========================================================================
Received Import Request.
  Time since last request: 548.992411 seconds.
  path: Assets/Skelemation.cs
  artifactKey: Guid(9fa52bf0f53d0f040a4268a1625fb350) Importer(815301076,1909f56bfc062723c751e8b465ee728b)
Start importing Assets/Skelemation.cs using Guid(9fa52bf0f53d0f040a4268a1625fb350) Importer(815301076,1909f56bfc062723c751e8b465ee728b)  -> (artifact id: 'de2faf973c3b47ec85a17a5c1c4218ce') in 0.004058 seconds
  Import took 0.006234 seconds .

========================================================================
Received Prepare
Registering precompiled user dll's ...
Registered in 0.000668 seconds.
Begin MonoManager ReloadAssembly
Native extension for WindowsStandalone target not found
Refreshing native plugins compatible for Editor in 0.12 ms, found 0 plugins.
Preloading 0 native plugins for Editor in 0.00 ms.
Invoked RoslynAnalysisRunner static constructor.
RoslynAnalysisRunner will not be running.
RoslynAnalysisRunner has terminated.
Mono: successfully reloaded assembly
- Completed reload, in  0.632 seconds
Platform modules already initialized, skipping
Refreshing native plugins compatible for Editor in 0.12 ms, found 0 plugins.
Preloading 0 native plugins for Editor in 0.00 ms.
Unloading 547 Unused Serialized files (Serialized files now loaded: 0)
System memory in use before: 57.3 MB.
System memory in use after: 57.4 MB.

Unloading 4 unused Assets to reduce memory usage. Loaded Objects now: 1069.
Total: 1.283600 ms (FindLiveObjects: 0.157500 ms CreateObjectMapping: 0.023900 ms MarkObjects: 1.087800 ms  DeleteObjects: 0.013100 ms)

========================================================================
Received Prepare
Registering precompiled user dll's ...
Registered in 0.000664 seconds.
Begin MonoManager ReloadAssembly
Native extension for WindowsStandalone target not found
Refreshing native plugins compatible for Editor in 0.12 ms, found 0 plugins.
Preloading 0 native plugins for Editor in 0.00 ms.
Invoked RoslynAnalysisRunner static constructor.
RoslynAnalysisRunner will not be running.
RoslynAnalysisRunner has terminated.
Mono: successfully reloaded assembly
- Completed reload, in  0.644 seconds
Platform modules already initialized, skipping
Refreshing native plugins compatible for Editor in 0.12 ms, found 0 plugins.
Preloading 0 native plugins for Editor in 0.00 ms.
Unloading 547 Unused Serialized files (Serialized files now loaded: 0)
System memory in use before: 57.3 MB.
System memory in use after: 57.4 MB.

Unloading 4 unused Assets to reduce memory usage. Loaded Objects now: 1071.
Total: 1.259600 ms (FindLiveObjects: 0.093300 ms CreateObjectMapping: 0.014900 ms MarkObjects: 1.138200 ms  DeleteObjects: 0.011900 ms)

========================================================================
Received Prepare
Registering precompiled user dll's ...
Registered in 0.000646 seconds.
Begin MonoManager ReloadAssembly
Native extension for WindowsStandalone target not found
Refreshing native plugins compatible for Editor in 0.13 ms, found 0 plugins.
Preloading 0 native plugins for Editor in 0.00 ms.
Invoked RoslynAnalysisRunner static constructor.
RoslynAnalysisRunner will not be running.
RoslynAnalysisRunner has terminated.
Mono: successfully reloaded assembly
- Completed reload, in  0.619 seconds
Platform modules already initialized, skipping
Refreshing native plugins compatible for Editor in 0.12 ms, found 0 plugins.
Preloading 0 native plugins for Editor in 0.00 ms.
Unloading 547 Unused Serialized files (Serialized files now loaded: 0)
System memory in use before: 57.3 MB.
System memory in use after: 57.4 MB.

Unloading 4 unused Assets to reduce memory usage. Loaded Objects now: 1073.
Total: 1.151100 ms (FindLiveObjects: 0.083400 ms CreateObjectMapping: 0.015000 ms MarkObjects: 1.039000 ms  DeleteObjects: 0.012400 ms)

========================================================================
Received Prepare
Registering precompiled user dll's ...
Registered in 0.000620 seconds.
Begin MonoManager ReloadAssembly
Native extension for WindowsStandalone target not found
Refreshing native plugins compatible for Editor in 0.12 ms, found 0 plugins.
Preloading 0 native plugins for Editor in 0.00 ms.
Invoked RoslynAnalysisRunner static constructor.
RoslynAnalysisRunner will not be running.
RoslynAnalysisRunner has terminated.
Mono: successfully reloaded assembly
- Completed reload, in  0.596 seconds
Platform modules already initialized, skipping
Refreshing native plugins compatible for Editor in 0.12 ms, found 0 plugins.
Preloading 0 native plugins for Editor in 0.00 ms.
Unloading 547 Unused Serialized files (Serialized files now loaded: 0)
System memory in use before: 57.3 MB.
System memory in use after: 57.4 MB.

Unloading 4 unused Assets to reduce memory usage. Loaded Objects now: 1075.
Total: 1.167500 ms (FindLiveObjects: 0.079800 ms CreateObjectMapping: 0.015200 ms MarkObjects: 1.059600 ms  DeleteObjects: 0.011800 ms)

========================================================================
Received Prepare
Registering precompiled user dll's ...
Registered in 0.000828 seconds.
Begin MonoManager ReloadAssembly
Native extension for WindowsStandalone target not found
Refreshing native plugins compatible for Editor in 0.12 ms, found 0 plugins.
Preloading 0 native plugins for Editor in 0.00 ms.
Invoked RoslynAnalysisRunner static constructor.
RoslynAnalysisRunner will not be running.
RoslynAnalysisRunner has terminated.
Mono: successfully reloaded assembly
- Completed reload, in  0.701 seconds
Platform modules already initialized, skipping
Refreshing native plugins compatible for Editor in 0.17 ms, found 0 plugins.
Preloading 0 native plugins for Editor in 0.00 ms.
Unloading 547 Unused Serialized files (Serialized files now loaded: 0)
System memory in use before: 57.3 MB.
System memory in use after: 57.4 MB.

Unloading 4 unused Assets to reduce memory usage. Loaded Objects now: 1077.
Total: 1.080600 ms (FindLiveObjects: 0.084000 ms CreateObjectMapping: 0.014900 ms MarkObjects: 0.969000 ms  DeleteObjects: 0.011800 ms)

========================================================================
Received Prepare
Registering precompiled user dll's ...
Registered in 0.000914 seconds.
Begin MonoManager ReloadAssembly
Native extension for WindowsStandalone target not found
Refreshing native plugins compatible for Editor in 0.15 ms, found 0 plugins.
Preloading 0 native plugins for Editor in 0.00 ms.
Invoked RoslynAnalysisRunner static constructor.
RoslynAnalysisRunner will not be running.
RoslynAnalysisRunner has terminated.
Mono: successfully reloaded assembly
- Completed reload, in  0.646 seconds
Platform modules already initialized, skipping
Refreshing native plugins compatible for Editor in 0.12 ms, found 0 plugins.
Preloading 0 native plugins for Editor in 0.00 ms.
Unloading 547 Unused Serialized files (Serialized files now loaded: 0)
System memory in use before: 57.3 MB.
System memory in use after: 57.4 MB.

Unloading 4 unused Assets to reduce memory usage. Loaded Objects now: 1079.
Total: 1.212100 ms (FindLiveObjects: 0.082900 ms CreateObjectMapping: 0.015200 ms MarkObjects: 1.101100 ms  DeleteObjects: 0.011900 ms)

========================================================================
Received Prepare
Registering precompiled user dll's ...
Registered in 0.000652 seconds.
Begin MonoManager ReloadAssembly
Native extension for WindowsStandalone target not found
Refreshing native plugins compatible for Editor in 0.12 ms, found 0 plugins.
Preloading 0 native plugins for Editor in 0.00 ms.
Invoked RoslynAnalysisRunner static constructor.
RoslynAnalysisRunner will not be running.
RoslynAnalysisRunner has terminated.
Mono: successfully reloaded assembly
- Completed reload, in  0.601 seconds
Platform modules already initialized, skipping
Refreshing native plugins compatible for Editor in 0.16 ms, found 0 plugins.
Preloading 0 native plugins for Editor in 0.00 ms.
Unloading 547 Unused Serialized files (Serialized files now loaded: 0)
System memory in use before: 57.4 MB.
System memory in use after: 57.4 MB.

Unloading 4 unused Assets to reduce memory usage. Loaded Objects now: 1081.
Total: 1.160200 ms (FindLiveObjects: 0.084100 ms CreateObjectMapping: 0.015000 ms MarkObjects: 1.048000 ms  DeleteObjects: 0.011900 ms)

========================================================================
Received Prepare
Registering precompiled user dll's ...
Registered in 0.000992 seconds.
Begin MonoManager ReloadAssembly
Native extension for WindowsStandalone target not found
Refreshing native plugins compatible for Editor in 0.13 ms, found 0 plugins.
Preloading 0 native plugins for Editor in 0.00 ms.
Invoked RoslynAnalysisRunner static constructor.
RoslynAnalysisRunner will not be running.
RoslynAnalysisRunner has terminated.
Mono: successfully reloaded assembly
- Completed reload, in  0.742 seconds
Platform modules already initialized, skipping
Refreshing native plugins compatible for Editor in 0.22 ms, found 0 plugins.
Preloading 0 native plugins for Editor in 0.00 ms.
Unloading 547 Unused Serialized files (Serialized files now loaded: 0)
System memory in use before: 57.3 MB.
System memory in use after: 57.4 MB.

Unloading 4 unused Assets to reduce memory usage. Loaded Objects now: 1083.
Total: 1.292700 ms (FindLiveObjects: 0.087700 ms CreateObjectMapping: 0.016400 ms MarkObjects: 1.174600 ms  DeleteObjects: 0.012800 ms)

========================================================================
Received Import Request.
  Time since last request: 946.710605 seconds.
  path: Assets/Scanta/RagingEgg/AnimatorController/Walking.controller
  artifactKey: Guid(164ef0e98983048bd80b24039d20e70c) Importer(815301076,1909f56bfc062723c751e8b465ee728b)
Start importing Assets/Scanta/RagingEgg/AnimatorController/Walking.controller using Guid(164ef0e98983048bd80b24039d20e70c) Importer(815301076,1909f56bfc062723c751e8b465ee728b)  -> (artifact id: '57c7df8079f49957cef07925aa418868') in 0.009692 seconds
  Import took 0.012913 seconds .

========================================================================
Received Prepare
Registering precompiled user dll's ...
Registered in 0.000675 seconds.
Begin MonoManager ReloadAssembly
Native extension for WindowsStandalone target not found
Refreshing native plugins compatible for Editor in 0.13 ms, found 0 plugins.
Preloading 0 native plugins for Editor in 0.00 ms.
Invoked RoslynAnalysisRunner static constructor.
RoslynAnalysisRunner will not be running.
RoslynAnalysisRunner has terminated.
Mono: successfully reloaded assembly
- Completed reload, in  0.644 seconds
Platform modules already initialized, skipping
Refreshing native plugins compatible for Editor in 0.12 ms, found 0 plugins.
Preloading 0 native plugins for Editor in 0.00 ms.
Unloading 547 Unused Serialized files (Serialized files now loaded: 0)
System memory in use before: 57.4 MB.
System memory in use after: 57.4 MB.

Unloading 4 unused Assets to reduce memory usage. Loaded Objects now: 1085.
Total: 1.147100 ms (FindLiveObjects: 0.080300 ms CreateObjectMapping: 0.014800 ms MarkObjects: 1.039400 ms  DeleteObjects: 0.011600 ms)

========================================================================
Received Prepare
Registering precompiled user dll's ...
Registered in 0.001047 seconds.
Begin MonoManager ReloadAssembly
Native extension for WindowsStandalone target not found
Refreshing native plugins compatible for Editor in 0.13 ms, found 0 plugins.
Preloading 0 native plugins for Editor in 0.00 ms.
Invoked RoslynAnalysisRunner static constructor.
RoslynAnalysisRunner will not be running.
RoslynAnalysisRunner has terminated.
Mono: successfully reloaded assembly
- Completed reload, in  0.645 seconds
Platform modules already initialized, skipping
Refreshing native plugins compatible for Editor in 0.16 ms, found 0 plugins.
Preloading 0 native plugins for Editor in 0.00 ms.
Unloading 547 Unused Serialized files (Serialized files now loaded: 0)
System memory in use before: 57.4 MB.
System memory in use after: 57.4 MB.

Unloading 4 unused Assets to reduce memory usage. Loaded Objects now: 1087.
Total: 1.161800 ms (FindLiveObjects: 0.079100 ms CreateObjectMapping: 0.013300 ms MarkObjects: 1.057000 ms  DeleteObjects: 0.011200 ms)

========================================================================
Received Import Request.
  Time since last request: 194.857630 seconds.
  path: Assets/FantasyMonster/Skeleton/Ani/Skeleton@Walk.prefab
  artifactKey: Guid(786566a5a1060f94cbbf80c3e25b3e66) Importer(815301076,1909f56bfc062723c751e8b465ee728b)
Start importing Assets/FantasyMonster/Skeleton/Ani/Skeleton@Walk.prefab using Guid(786566a5a1060f94cbbf80c3e25b3e66) Importer(815301076,1909f56bfc062723c751e8b465ee728b)  -> (artifact id: '31b2ac9b734f95741ead909a5f967fd0') in 0.049694 seconds
  Import took 0.052474 seconds .

========================================================================
Received Import Request.
  Time since last request: 6.480634 seconds.
  path: Assets/FantasyMonster/Skeleton/Ani/Skeleton@Walk.prefab
  artifactKey: Guid(786566a5a1060f94cbbf80c3e25b3e66) Importer(815301076,1909f56bfc062723c751e8b465ee728b)
Start importing Assets/FantasyMonster/Skeleton/Ani/Skeleton@Walk.prefab using Guid(786566a5a1060f94cbbf80c3e25b3e66) Importer(815301076,1909f56bfc062723c751e8b465ee728b)  -> (artifact id: 'a2a18439050a52c70c2e4a5ac059a74b') in 0.020780 seconds
  Import took 0.025429 seconds .

========================================================================
Received Import Request.
  Time since last request: 0.568631 seconds.
  path: Assets/FantasyMonster/Skeleton/Ani/Skeleton@Walk.prefab
  artifactKey: Guid(786566a5a1060f94cbbf80c3e25b3e66) Importer(815301076,1909f56bfc062723c751e8b465ee728b)
Start importing Assets/FantasyMonster/Skeleton/Ani/Skeleton@Walk.prefab using Guid(786566a5a1060f94cbbf80c3e25b3e66) Importer(815301076,1909f56bfc062723c751e8b465ee728b)  -> (artifact id: '23e335d18b0a46f95655d06b849611da') in 0.010312 seconds
  Import took 0.012582 seconds .

========================================================================
Received Import Request.
  Time since last request: 3.917711 seconds.
  path: Assets/FantasyMonster/Skeleton/Ani/Skeleton@Walk.prefab
  artifactKey: Guid(786566a5a1060f94cbbf80c3e25b3e66) Importer(815301076,1909f56bfc062723c751e8b465ee728b)
Start importing Assets/FantasyMonster/Skeleton/Ani/Skeleton@Walk.prefab using Guid(786566a5a1060f94cbbf80c3e25b3e66) Importer(815301076,1909f56bfc062723c751e8b465ee728b)  -> (artifact id: '8737043dda4e71f5a8db6b398c0e3fac') in 0.019151 seconds
  Import took 0.022098 seconds .

========================================================================
Received Import Request.
  Time since last request: 10.148573 seconds.
  path: Assets/FantasyMonster/Skeleton/Ani/Skeleton@Run 1.FBX
  artifactKey: Guid(8a88679d2bf4e19488d11ae0f0e4c232) Importer(815301076,1909f56bfc062723c751e8b465ee728b)
Start importing Assets/FantasyMonster/Skeleton/Ani/Skeleton@Run 1.FBX using Guid(8a88679d2bf4e19488d11ae0f0e4c232) Importer(815301076,1909f56bfc062723c751e8b465ee728b)  -> (artifact id: '9dc01a67ba4af22b146f982616ca2ecd') in 0.041166 seconds
  Import took 0.043589 seconds .

========================================================================
Received Import Request.
  Time since last request: 0.003002 seconds.
  path: Assets/FantasyMonster/Skeleton/Ani/Skeleton@Run 1.FBX
  artifactKey: Guid(8a88679d2bf4e19488d11ae0f0e4c232) Importer(815301076,1909f56bfc062723c751e8b465ee728b)
Start importing Assets/FantasyMonster/Skeleton/Ani/Skeleton@Run 1.FBX using Guid(8a88679d2bf4e19488d11ae0f0e4c232) Importer(815301076,1909f56bfc062723c751e8b465ee728b)  -> (artifact id: '9dc01a67ba4af22b146f982616ca2ecd') in 0.026709 seconds
  Import took 0.029171 seconds .

========================================================================
Received Import Request.
  Time since last request: 34.453226 seconds.
  path: Assets/FantasyMonster/Skeleton/Ani/Skeleton@Run.prefab
  artifactKey: Guid(c08a527bf416fb246a963ca052004ef2) Importer(815301076,1909f56bfc062723c751e8b465ee728b)
Start importing Assets/FantasyMonster/Skeleton/Ani/Skeleton@Run.prefab using Guid(c08a527bf416fb246a963ca052004ef2) Importer(815301076,1909f56bfc062723c751e8b465ee728b)  -> (artifact id: '42dd92e2c2a68b05ef84425d925cc11e') in 0.013090 seconds
  Import took 0.015967 seconds .

========================================================================
Received Import Request.
  Time since last request: 0.001118 seconds.
  path: Assets/FantasyMonster/Skeleton/Ani/Skeleton@Run.prefab
  artifactKey: Guid(c08a527bf416fb246a963ca052004ef2) Importer(815301076,1909f56bfc062723c751e8b465ee728b)
Start importing Assets/FantasyMonster/Skeleton/Ani/Skeleton@Run.prefab using Guid(c08a527bf416fb246a963ca052004ef2) Importer(815301076,1909f56bfc062723c751e8b465ee728b)  -> (artifact id: '42dd92e2c2a68b05ef84425d925cc11e') in 0.012474 seconds
  Import took 0.015149 seconds .

========================================================================
Received Import Request.
  Time since last request: 17.432050 seconds.
  path: Assets/Scanta/RagingEgg/AnimatorController/Idle.controller
  artifactKey: Guid(20703f5e8000244b28f329bee7bd73ee) Importer(815301076,1909f56bfc062723c751e8b465ee728b)
Start importing Assets/Scanta/RagingEgg/AnimatorController/Idle.controller using Guid(20703f5e8000244b28f329bee7bd73ee) Importer(815301076,1909f56bfc062723c751e8b465ee728b)  -> (artifact id: 'c501610f31202fb50f8c1c4a106a339d') in 0.009933 seconds
  Import took 0.012865 seconds .

========================================================================
Received Prepare
Registering precompiled user dll's ...
Registered in 0.000620 seconds.
Begin MonoManager ReloadAssembly
Native extension for WindowsStandalone target not found
Refreshing native plugins compatible for Editor in 0.12 ms, found 0 plugins.
Preloading 0 native plugins for Editor in 0.00 ms.
Invoked RoslynAnalysisRunner static constructor.
RoslynAnalysisRunner will not be running.
RoslynAnalysisRunner has terminated.
Mono: successfully reloaded assembly
- Completed reload, in  0.619 seconds
Platform modules already initialized, skipping
Refreshing native plugins compatible for Editor in 0.12 ms, found 0 plugins.
Preloading 0 native plugins for Editor in 0.00 ms.
Unloading 547 Unused Serialized files (Serialized files now loaded: 0)
System memory in use before: 57.4 MB.
System memory in use after: 57.5 MB.

Unloading 4 unused Assets to reduce memory usage. Loaded Objects now: 1090.
Total: 1.174100 ms (FindLiveObjects: 0.092800 ms CreateObjectMapping: 0.018500 ms MarkObjects: 1.050000 ms  DeleteObjects: 0.012000 ms)

========================================================================
Received Prepare
Registering precompiled user dll's ...
Registered in 0.000660 seconds.
Begin MonoManager ReloadAssembly
Native extension for WindowsStandalone target not found
Refreshing native plugins compatible for Editor in 0.12 ms, found 0 plugins.
Preloading 0 native plugins for Editor in 0.00 ms.
Invoked RoslynAnalysisRunner static constructor.
RoslynAnalysisRunner will not be running.
RoslynAnalysisRunner has terminated.
Mono: successfully reloaded assembly
- Completed reload, in  0.606 seconds
Platform modules already initialized, skipping
Refreshing native plugins compatible for Editor in 0.12 ms, found 0 plugins.
Preloading 0 native plugins for Editor in 0.00 ms.
Unloading 547 Unused Serialized files (Serialized files now loaded: 0)
System memory in use before: 57.4 MB.
System memory in use after: 57.4 MB.

Unloading 4 unused Assets to reduce memory usage. Loaded Objects now: 1092.
Total: 1.231200 ms (FindLiveObjects: 0.087900 ms CreateObjectMapping: 0.017300 ms MarkObjects: 1.108400 ms  DeleteObjects: 0.016800 ms)

========================================================================
Received Prepare
Registering precompiled user dll's ...
Registered in 0.000697 seconds.
Begin MonoManager ReloadAssembly
Native extension for WindowsStandalone target not found
Refreshing native plugins compatible for Editor in 0.12 ms, found 0 plugins.
Preloading 0 native plugins for Editor in 0.00 ms.
Invoked RoslynAnalysisRunner static constructor.
RoslynAnalysisRunner will not be running.
RoslynAnalysisRunner has terminated.
Mono: successfully reloaded assembly
- Completed reload, in  0.604 seconds
Platform modules already initialized, skipping
Refreshing native plugins compatible for Editor in 0.11 ms, found 0 plugins.
Preloading 0 native plugins for Editor in 0.00 ms.
Unloading 547 Unused Serialized files (Serialized files now loaded: 0)
System memory in use before: 57.4 MB.
System memory in use after: 57.5 MB.

Unloading 4 unused Assets to reduce memory usage. Loaded Objects now: 1094.
Total: 1.057800 ms (FindLiveObjects: 0.080300 ms CreateObjectMapping: 0.015300 ms MarkObjects: 0.949700 ms  DeleteObjects: 0.011600 ms)

========================================================================
Received Import Request.
  Time since last request: 33215.192758 seconds.
  path: Assets/FantasyMonster/Skeleton/Character/Skeleton@Skin (1).prefab
  artifactKey: Guid(3318e26ce674182438c4fae00e1de0b9) Importer(815301076,1909f56bfc062723c751e8b465ee728b)
Start importing Assets/FantasyMonster/Skeleton/Character/Skeleton@Skin (1).prefab using Guid(3318e26ce674182438c4fae00e1de0b9) Importer(815301076,1909f56bfc062723c751e8b465ee728b)  -> (artifact id: '75cf8796be51d9bbfe904ab2d19c393a') in 0.048112 seconds
  Import took 0.050516 seconds .

========================================================================
Received Prepare
Registering precompiled user dll's ...
Registered in 0.000922 seconds.
Begin MonoManager ReloadAssembly
Native extension for WindowsStandalone target not found
Refreshing native plugins compatible for Editor in 0.12 ms, found 0 plugins.
Preloading 0 native plugins for Editor in 0.00 ms.
Invoked RoslynAnalysisRunner static constructor.
RoslynAnalysisRunner will not be running.
RoslynAnalysisRunner has terminated.
Mono: successfully reloaded assembly
- Completed reload, in  0.767 seconds
Platform modules already initialized, skipping
Refreshing native plugins compatible for Editor in 0.16 ms, found 0 plugins.
Preloading 0 native plugins for Editor in 0.00 ms.
Unloading 547 Unused Serialized files (Serialized files now loaded: 0)
System memory in use before: 57.4 MB.
System memory in use after: 57.5 MB.

Unloading 4 unused Assets to reduce memory usage. Loaded Objects now: 1097.
Total: 1.178300 ms (FindLiveObjects: 0.105600 ms CreateObjectMapping: 0.017200 ms MarkObjects: 1.041100 ms  DeleteObjects: 0.013500 ms)

========================================================================
Received Import Request.
  Time since last request: 407.330814 seconds.
  path: Assets/FantasyMonster/Skeleton/Texture
  artifactKey: Guid(1375fa800346e78449c7b343a94eb57d) Importer(815301076,1909f56bfc062723c751e8b465ee728b)
Start importing Assets/FantasyMonster/Skeleton/Texture using Guid(1375fa800346e78449c7b343a94eb57d) Importer(815301076,1909f56bfc062723c751e8b465ee728b)  -> (artifact id: '4a5fa778ea0615dce85e20aea9f6d5ab') in 0.007136 seconds
  Import took 0.009312 seconds .

========================================================================
Received Prepare
Registering precompiled user dll's ...
Registered in 0.001035 seconds.
Begin MonoManager ReloadAssembly
Native extension for WindowsStandalone target not found
Refreshing native plugins compatible for Editor in 0.12 ms, found 0 plugins.
Preloading 0 native plugins for Editor in 0.00 ms.
Invoked RoslynAnalysisRunner static constructor.
RoslynAnalysisRunner will not be running.
RoslynAnalysisRunner has terminated.
Mono: successfully reloaded assembly
- Completed reload, in  0.780 seconds
Platform modules already initialized, skipping
Refreshing native plugins compatible for Editor in 0.11 ms, found 0 plugins.
Preloading 0 native plugins for Editor in 0.00 ms.
Unloading 547 Unused Serialized files (Serialized files now loaded: 0)
System memory in use before: 57.5 MB.
System memory in use after: 57.5 MB.

Unloading 4 unused Assets to reduce memory usage. Loaded Objects now: 1099.
Total: 1.206200 ms (FindLiveObjects: 0.088100 ms CreateObjectMapping: 0.017000 ms MarkObjects: 1.085300 ms  DeleteObjects: 0.014700 ms)

========================================================================
Received Import Request.
  Time since last request: 413.894361 seconds.
  path: Assets/Scanta/RagingEgg/AnimatorController/Jump.controller
  artifactKey: Guid(819587c64b469485ea4c80ff352a5687) Importer(815301076,1909f56bfc062723c751e8b465ee728b)
Start importing Assets/Scanta/RagingEgg/AnimatorController/Jump.controller using Guid(819587c64b469485ea4c80ff352a5687) Importer(815301076,1909f56bfc062723c751e8b465ee728b)  -> (artifact id: '84de27790ddaf9fedbab608cb19f9240') in 0.009797 seconds
  Import took 0.012584 seconds .

========================================================================
Received Import Request.
  Time since last request: 1.844918 seconds.
  path: Assets/Scanta/RagingEgg/AnimatorController/Rotating.controller
  artifactKey: Guid(b49a2a343facb496fb419c11e3f11ac7) Importer(815301076,1909f56bfc062723c751e8b465ee728b)
Start importing Assets/Scanta/RagingEgg/AnimatorController/Rotating.controller using Guid(b49a2a343facb496fb419c11e3f11ac7) Importer(815301076,1909f56bfc062723c751e8b465ee728b)  -> (artifact id: '6c262ed49b2aab60e53da378574d5ce6') in 0.004294 seconds
  Import took 0.006575 seconds .

========================================================================
Received Import Request.
  Time since last request: 1.390193 seconds.
  path: Assets/Scanta/RagingEgg/AnimatorController/Attack.controller
  artifactKey: Guid(f081669e265994755a944ffe3238311b) Importer(815301076,1909f56bfc062723c751e8b465ee728b)
Start importing Assets/Scanta/RagingEgg/AnimatorController/Attack.controller using Guid(f081669e265994755a944ffe3238311b) Importer(815301076,1909f56bfc062723c751e8b465ee728b)  -> (artifact id: '6416b3bc9b255ab0092e9c26bcbbf74d') in 0.004137 seconds
  Import took 0.006327 seconds .

========================================================================
Received Import Request.
  Time since last request: 20.012369 seconds.
  path: Assets/FantasyMonster/Skeleton/Ani/Skelemation.controller
  artifactKey: Guid(92c34faf700c26947b53c580acedf4d9) Importer(815301076,1909f56bfc062723c751e8b465ee728b)
Start importing Assets/FantasyMonster/Skeleton/Ani/Skelemation.controller using Guid(92c34faf700c26947b53c580acedf4d9) Importer(815301076,1909f56bfc062723c751e8b465ee728b)  -> (artifact id: 'd36132e8be21a76b47604c96ac084f29') in 0.002984 seconds
  Import took 0.005286 seconds .

AssetImportWorkerClient::OnTransportError - code=2 error=End of file
